2025/07/04 14:57:06 main.go:103: [INFO] Successfully loaded .env file
2025/07/04 14:57:06 main.go:108: [INFO] Gateway server initializing with 14 CPU cores
2025/07/04 14:57:06 main.go:113: [INFO] Starting gateway server on port 8080
2025/07/04 14:57:06 main.go:136: [INFO] Server listening on :8080
2025/07/04 14:57:06 main.go:138: [ERROR] Server failed to start: listen tcp :8080: bind: address already in use
2025/07/04 15:35:03 main.go:103: [INFO] Successfully loaded .env file
2025/07/04 15:35:03 main.go:108: [INFO] Gateway server initializing with 14 CPU cores
2025/07/04 15:35:03 main.go:113: [INFO] Starting gateway server on port 8080
2025/07/04 15:35:03 main.go:136: [INFO] Server listening on :8080
2025/07/04 15:37:52 main.go:144: [INFO] Server shutting down...
2025/07/04 15:37:52 main.go:154: [INFO] Server shutdown complete
2025/07/04 15:37:56 main.go:103: [INFO] Successfully loaded .env file
2025/07/04 15:37:56 main.go:108: [INFO] Gateway server initializing with 14 CPU cores
2025/07/04 15:37:56 main.go:113: [INFO] Starting gateway server on port 8080
2025/07/04 15:37:56 main.go:136: [INFO] Server listening on :8080
2025/07/04 15:38:26 main.go:144: [INFO] Server shutting down...
2025/07/04 15:38:26 main.go:154: [INFO] Server shutdown complete
2025/07/04 15:38:30 main.go:103: [INFO] Successfully loaded .env file
2025/07/04 15:38:30 main.go:108: [INFO] Gateway server initializing with 14 CPU cores
2025/07/04 15:38:30 main.go:113: [INFO] Starting gateway server on port 8080
2025/07/04 15:38:30 main.go:136: [INFO] Server listening on :8080
2025/07/04 15:40:18 main.go:144: [INFO] Server shutting down...
2025/07/04 15:40:18 main.go:154: [INFO] Server shutdown complete
2025/07/04 15:40:58 main.go:103: [INFO] Successfully loaded .env file
2025/07/04 15:40:58 main.go:108: [INFO] Gateway server initializing with 14 CPU cores
2025/07/04 15:40:58 main.go:113: [INFO] Starting gateway server on port 8080
2025/07/04 15:40:58 main.go:136: [INFO] Server listening on :8080
2025/07/04 15:41:22 profile_routes.go:39: [DEBUG] handleProfileByUserID%!(EXTRA string=userID, string=ceIlbEEbROeWumpQYGIdeP43nvK2)
2025/07/04 15:41:22 profile_routes.go:40: [DEBUG] handleProfileByUserID%!(EXTRA string=r.URL.Path, string=/v1/profiles/user/ceIlbEEbROeWumpQYGIdeP43nvK2)
2025/07/04 15:41:22 profile_routes.go:60: [DEBUG] getting profile by user ID
2025/07/04 15:41:22 profile_routes.go:39: [DEBUG] handleProfileByUserID%!(EXTRA string=userID, string=ceIlbEEbROeWumpQYGIdeP43nvK2)
2025/07/04 15:41:22 profile_routes.go:40: [DEBUG] handleProfileByUserID%!(EXTRA string=r.URL.Path, string=/v1/profiles/user/ceIlbEEbROeWumpQYGIdeP43nvK2)
2025/07/04 15:41:22 profile_routes.go:60: [DEBUG] getting profile by user ID
2025/07/04 15:41:22 profile_routes.go:39: [DEBUG] handleProfileByUserID%!(EXTRA string=userID, string=ceIlbEEbROeWumpQYGIdeP43nvK2)
2025/07/04 15:41:22 profile_routes.go:40: [DEBUG] handleProfileByUserID%!(EXTRA string=r.URL.Path, string=/v1/profiles/user/ceIlbEEbROeWumpQYGIdeP43nvK2)
2025/07/04 15:41:22 profile_routes.go:60: [DEBUG] getting profile by user ID
2025/07/04 15:41:23 profile_routes.go:63: [DEBUG] profile%!(EXTRA string=profile, *aws.Profile=<nil>)
2025/07/04 15:41:23 profile_routes.go:64: [DEBUG] profile%!(EXTRA string=err, *errors.errorString=profile not found for user_id: ceIlbEEbROeWumpQYGIdeP43nvK2)
2025/07/04 15:41:23 profile_routes.go:63: [DEBUG] profile%!(EXTRA string=profile, *aws.Profile=<nil>)
2025/07/04 15:41:23 profile_routes.go:64: [DEBUG] profile%!(EXTRA string=err, *errors.errorString=profile not found for user_id: ceIlbEEbROeWumpQYGIdeP43nvK2)
2025/07/04 15:41:23 profile_routes.go:68: [DEBUG] profile not found, creating profile
2025/07/04 15:41:23 profile_routes.go:68: [DEBUG] profile not found, creating profile
2025/07/04 15:41:23 profile_routes.go:63: [DEBUG] profile%!(EXTRA string=profile, *aws.Profile=<nil>)
2025/07/04 15:41:23 profile_routes.go:64: [DEBUG] profile%!(EXTRA string=err, *errors.errorString=profile not found for user_id: ceIlbEEbROeWumpQYGIdeP43nvK2)
2025/07/04 15:41:23 profile_routes.go:68: [DEBUG] profile not found, creating profile
2025/07/04 15:41:23 profile_routes.go:78: [ERROR] Error checking username availability: failed to check username availability: operation error DynamoDB: Query, https response error StatusCode: 400, RequestID: 17QH5FEA5UVOK50GTRC29JG5SRVV4KQNSO5AEMVJF66Q9ASUAAJG, api error ValidationException: Query condition missed key schema element: user_id
2025/07/04 15:41:23 profile_routes.go:78: [ERROR] Error checking username availability: failed to check username availability: operation error DynamoDB: Query, https response error StatusCode: 400, RequestID: GN1P3HVVS7DVNR55VB39E6P5A7VV4KQNSO5AEMVJF66Q9ASUAAJG, api error ValidationException: Query condition missed key schema element: user_id
2025/07/04 15:41:23 profile_routes.go:78: [ERROR] Error checking username availability: failed to check username availability: operation error DynamoDB: Query, https response error StatusCode: 400, RequestID: RG89C952A32LDJBJVBDAN46L2RVV4KQNSO5AEMVJF66Q9ASUAAJG, api error ValidationException: Query condition missed key schema element: user_id
2025/07/04 15:51:41 profile_routes.go:39: [DEBUG] handleProfileByUserID%!(EXTRA string=userID, string=ceIlbEEbROeWumpQYGIdeP43nvK2)
2025/07/04 15:51:41 profile_routes.go:40: [DEBUG] handleProfileByUserID%!(EXTRA string=r.URL.Path, string=/v1/profiles/user/ceIlbEEbROeWumpQYGIdeP43nvK2)
2025/07/04 15:51:41 profile_routes.go:39: [DEBUG] handleProfileByUserID%!(EXTRA string=userID, string=ceIlbEEbROeWumpQYGIdeP43nvK2)
2025/07/04 15:51:41 profile_routes.go:40: [DEBUG] handleProfileByUserID%!(EXTRA string=r.URL.Path, string=/v1/profiles/user/ceIlbEEbROeWumpQYGIdeP43nvK2)
2025/07/04 15:51:41 profile_routes.go:60: [DEBUG] getting profile by user ID
2025/07/04 15:51:41 profile_routes.go:60: [DEBUG] getting profile by user ID
2025/07/04 15:51:42 profile_routes.go:63: [DEBUG] profile%!(EXTRA string=profile, *aws.Profile=<nil>)
2025/07/04 15:51:42 profile_routes.go:64: [DEBUG] profile%!(EXTRA string=err, *errors.errorString=profile not found for user_id: ceIlbEEbROeWumpQYGIdeP43nvK2)
2025/07/04 15:51:42 profile_routes.go:68: [DEBUG] profile not found, creating profile
2025/07/04 15:51:42 profile_routes.go:63: [DEBUG] profile%!(EXTRA string=profile, *aws.Profile=<nil>)
2025/07/04 15:51:42 profile_routes.go:64: [DEBUG] profile%!(EXTRA string=err, *errors.errorString=profile not found for user_id: ceIlbEEbROeWumpQYGIdeP43nvK2)
2025/07/04 15:51:42 profile_routes.go:68: [DEBUG] profile not found, creating profile
2025/07/04 15:51:42 profile_routes.go:78: [ERROR] Error checking username availability: failed to check username availability: operation error DynamoDB: Query, https response error StatusCode: 400, RequestID: 460FSTUUT3V69REVFSICITB15RVV4KQNSO5AEMVJF66Q9ASUAAJG, api error ValidationException: Query condition missed key schema element: user_id
2025/07/04 15:51:42 profile_routes.go:78: [ERROR] Error checking username availability: failed to check username availability: operation error DynamoDB: Query, https response error StatusCode: 400, RequestID: FM32JF3S8JM2073BJVO5J45HAJVV4KQNSO5AEMVJF66Q9ASUAAJG, api error ValidationException: Query condition missed key schema element: user_id
2025/07/04 15:56:08 main.go:144: [INFO] Server shutting down...
2025/07/04 15:56:08 main.go:154: [INFO] Server shutdown complete
2025/07/04 15:56:13 main.go:103: [INFO] Successfully loaded .env file
2025/07/04 15:56:13 main.go:108: [INFO] Gateway server initializing with 14 CPU cores
2025/07/04 15:56:13 main.go:113: [INFO] Starting gateway server on port 8080
2025/07/04 15:56:13 main.go:136: [INFO] Server listening on :8080
2025/07/04 15:56:23 profile_routes.go:39: [DEBUG] handleProfileByUserID%!(EXTRA string=userID, string=ceIlbEEbROeWumpQYGIdeP43nvK2)
2025/07/04 15:56:23 profile_routes.go:40: [DEBUG] handleProfileByUserID%!(EXTRA string=r.URL.Path, string=/v1/profiles/user/ceIlbEEbROeWumpQYGIdeP43nvK2)
2025/07/04 15:56:23 profile_routes.go:60: [DEBUG] getting profile by user ID
2025/07/04 15:56:23 profile_routes.go:39: [DEBUG] handleProfileByUserID%!(EXTRA string=userID, string=ceIlbEEbROeWumpQYGIdeP43nvK2)
2025/07/04 15:56:23 profile_routes.go:40: [DEBUG] handleProfileByUserID%!(EXTRA string=r.URL.Path, string=/v1/profiles/user/ceIlbEEbROeWumpQYGIdeP43nvK2)
2025/07/04 15:56:23 profile_routes.go:60: [DEBUG] getting profile by user ID
2025/07/04 15:56:23 profile_routes.go:63: [DEBUG] profile%!(EXTRA string=profile, *aws.Profile=<nil>)
2025/07/04 15:56:23 profile_routes.go:64: [DEBUG] profile%!(EXTRA string=err, *errors.errorString=profile not found for user_id: ceIlbEEbROeWumpQYGIdeP43nvK2)
2025/07/04 15:56:23 profile_routes.go:68: [DEBUG] profile not found, creating profile
2025/07/04 15:56:23 profile_routes.go:78: [ERROR] Error checking username availability: failed to check username availability: operation error DynamoDB: Scan, https response error StatusCode: 400, RequestID: P0PC1KESO62EA4UL12G633TEMJVV4KQNSO5AEMVJF66Q9ASUAAJG, api error AccessDeniedException: User: arn:aws:iam::017059471673:user/dynamodb-go-client is not authorized to perform: dynamodb:Scan on resource: arn:aws:dynamodb:ap-south-1:017059471673:table/profiles because no identity-based policy allows the dynamodb:Scan action
2025/07/04 15:56:23 profile_routes.go:63: [DEBUG] profile%!(EXTRA string=profile, *aws.Profile=<nil>)
2025/07/04 15:56:23 profile_routes.go:64: [DEBUG] profile%!(EXTRA string=err, *errors.errorString=profile not found for user_id: ceIlbEEbROeWumpQYGIdeP43nvK2)
2025/07/04 15:56:23 profile_routes.go:68: [DEBUG] profile not found, creating profile
2025/07/04 15:56:23 profile_routes.go:78: [ERROR] Error checking username availability: failed to check username availability: operation error DynamoDB: Scan, https response error StatusCode: 400, RequestID: I135T61NVBN1B9RPSBDL8L9MGFVV4KQNSO5AEMVJF66Q9ASUAAJG, api error AccessDeniedException: User: arn:aws:iam::017059471673:user/dynamodb-go-client is not authorized to perform: dynamodb:Scan on resource: arn:aws:dynamodb:ap-south-1:017059471673:table/profiles because no identity-based policy allows the dynamodb:Scan action
2025/07/04 16:00:13 main.go:144: [INFO] Server shutting down...
2025/07/04 16:00:13 main.go:154: [INFO] Server shutdown complete
2025/07/04 16:00:17 main.go:103: [INFO] Successfully loaded .env file
2025/07/04 16:00:17 main.go:108: [INFO] Gateway server initializing with 14 CPU cores
2025/07/04 16:00:17 main.go:113: [INFO] Starting gateway server on port 8080
2025/07/04 16:00:17 main.go:136: [INFO] Server listening on :8080
2025/07/04 16:00:26 profile_routes.go:39: [DEBUG] handleProfileByUserID%!(EXTRA string=userID, string=ceIlbEEbROeWumpQYGIdeP43nvK2)
2025/07/04 16:00:26 profile_routes.go:40: [DEBUG] handleProfileByUserID%!(EXTRA string=r.URL.Path, string=/v1/profiles/user/ceIlbEEbROeWumpQYGIdeP43nvK2)
2025/07/04 16:00:26 profile_routes.go:60: [DEBUG] getting profile by user ID
2025/07/04 16:00:26 profile_routes.go:39: [DEBUG] handleProfileByUserID%!(EXTRA string=userID, string=ceIlbEEbROeWumpQYGIdeP43nvK2)
2025/07/04 16:00:26 profile_routes.go:40: [DEBUG] handleProfileByUserID%!(EXTRA string=r.URL.Path, string=/v1/profiles/user/ceIlbEEbROeWumpQYGIdeP43nvK2)
2025/07/04 16:00:26 profile_routes.go:60: [DEBUG] getting profile by user ID
2025/07/04 16:00:26 profile_routes.go:63: [DEBUG] profile%!(EXTRA string=profile, *aws.Profile=<nil>)
2025/07/04 16:00:26 profile_routes.go:64: [DEBUG] profile%!(EXTRA string=err, *errors.errorString=profile not found for user_id: ceIlbEEbROeWumpQYGIdeP43nvK2)
2025/07/04 16:00:26 profile_routes.go:68: [DEBUG] profile not found, creating profile
2025/07/04 16:00:26 profile_routes.go:91: [DEBUG] finalUsername%!(EXTRA string=finalUsername, string=user_ceIlbEEb)
2025/07/04 16:00:26 profile_routes.go:103: [DEBUG] newProfile%!(EXTRA string=newProfile, aws.Profile={ceIlbEEbROeWumpQYGIdeP43nvK2 2025-07-04 16:00:26.480476 +0530 IST m=+9.224963001 2025-07-04 16:00:26.480476 +0530 IST m=+9.224963085 false   user_ceIlbEEb})
2025/07/04 16:00:26 profile_handler.go:53: [DEBUG] creating profile%!(EXTRA string=profile, aws.Profile={ceIlbEEbROeWumpQYGIdeP43nvK2 2025-07-04 16:00:26.480513 +0530 IST m=+9.225000126 2025-07-04 16:00:26.480513 +0530 IST m=+9.225000126 false   user_ceIlbEEb})
2025/07/04 16:00:26 profile_routes.go:63: [DEBUG] profile%!(EXTRA string=profile, *aws.Profile=<nil>)
2025/07/04 16:00:26 profile_routes.go:64: [DEBUG] profile%!(EXTRA string=err, *errors.errorString=profile not found for user_id: ceIlbEEbROeWumpQYGIdeP43nvK2)
2025/07/04 16:00:26 profile_routes.go:68: [DEBUG] profile not found, creating profile
2025/07/04 16:00:26 profile_handler.go:60: [DEBUG] putItem%!(EXTRA string=err, <nil>)
2025/07/04 16:00:26 profile_routes.go:106: [DEBUG] createdProfile%!(EXTRA string=createdProfile, *aws.Profile=&{ceIlbEEbROeWumpQYGIdeP43nvK2 2025-07-04 16:00:26.480513 +0530 IST m=+9.225000126 2025-07-04 16:00:26.480513 +0530 IST m=+9.225000126 false   user_ceIlbEEb})
2025/07/04 16:00:26 profile_routes.go:107: [DEBUG] createErr%!(EXTRA string=createErr, <nil>)
2025/07/04 16:00:26 profile_routes.go:91: [DEBUG] finalUsername%!(EXTRA string=finalUsername, string=user_ceIlbEEb)
2025/07/04 16:00:26 profile_routes.go:103: [DEBUG] newProfile%!(EXTRA string=newProfile, aws.Profile={ceIlbEEbROeWumpQYGIdeP43nvK2 2025-07-04 16:00:26.525268 +0530 IST m=+9.269754918 2025-07-04 16:00:26.525268 +0530 IST m=+9.269755001 false   user_ceIlbEEb})
2025/07/04 16:00:26 profile_handler.go:53: [DEBUG] creating profile%!(EXTRA string=profile, aws.Profile={ceIlbEEbROeWumpQYGIdeP43nvK2 2025-07-04 16:00:26.525312 +0530 IST m=+9.269798835 2025-07-04 16:00:26.525312 +0530 IST m=+9.269798835 false   user_ceIlbEEb})
2025/07/04 16:00:26 profile_handler.go:60: [DEBUG] putItem%!(EXTRA string=err, *smithy.OperationError=operation error DynamoDB: PutItem, https response error StatusCode: 400, RequestID: CLTSES9QSJHN3H8OQVG5KTNMM7VV4KQNSO5AEMVJF66Q9ASUAAJG, ConditionalCheckFailedException: The conditional request failed)
2025/07/04 16:00:26 profile_routes.go:106: [DEBUG] createdProfile%!(EXTRA string=createdProfile, *aws.Profile=<nil>)
2025/07/04 16:00:26 profile_routes.go:107: [DEBUG] createErr%!(EXTRA string=createErr, *fmt.wrapError=failed to create profile: operation error DynamoDB: PutItem, https response error StatusCode: 400, RequestID: CLTSES9QSJHN3H8OQVG5KTNMM7VV4KQNSO5AEMVJF66Q9ASUAAJG, ConditionalCheckFailedException: The conditional request failed)
2025/07/04 16:00:26 profile_routes.go:109: [ERROR] Error creating profile: failed to create profile: operation error DynamoDB: PutItem, https response error StatusCode: 400, RequestID: CLTSES9QSJHN3H8OQVG5KTNMM7VV4KQNSO5AEMVJF66Q9ASUAAJG, ConditionalCheckFailedException: The conditional request failed
2025/07/04 16:01:11 profile_routes.go:39: [DEBUG] handleProfileByUserID%!(EXTRA string=userID, string=ceIlbEEbROeWumpQYGIdeP43nvK2)
2025/07/04 16:01:11 profile_routes.go:40: [DEBUG] handleProfileByUserID%!(EXTRA string=r.URL.Path, string=/v1/profiles/user/ceIlbEEbROeWumpQYGIdeP43nvK2)
2025/07/04 16:01:11 profile_routes.go:60: [DEBUG] getting profile by user ID
2025/07/04 16:01:11 profile_routes.go:63: [DEBUG] profile%!(EXTRA string=profile, *aws.Profile=&{ceIlbEEbROeWumpQYGIdeP43nvK2 2025-07-04 16:00:26.480513 +0530 IST 2025-07-04 16:00:26.480513 +0530 IST false   user_ceIlbEEb})
2025/07/04 16:01:11 profile_routes.go:64: [DEBUG] profile%!(EXTRA string=err, <nil>)
2025/07/04 16:01:13 profile_routes.go:39: [DEBUG] handleProfileByUserID%!(EXTRA string=userID, string=ceIlbEEbROeWumpQYGIdeP43nvK2)
2025/07/04 16:01:13 profile_routes.go:40: [DEBUG] handleProfileByUserID%!(EXTRA string=r.URL.Path, string=/v1/profiles/user/ceIlbEEbROeWumpQYGIdeP43nvK2)
2025/07/04 16:01:13 profile_routes.go:60: [DEBUG] getting profile by user ID
2025/07/04 16:01:13 profile_routes.go:63: [DEBUG] profile%!(EXTRA string=profile, *aws.Profile=&{ceIlbEEbROeWumpQYGIdeP43nvK2 2025-07-04 16:00:26.480513 +0530 IST 2025-07-04 16:00:26.480513 +0530 IST false   user_ceIlbEEb})
2025/07/04 16:01:13 profile_routes.go:64: [DEBUG] profile%!(EXTRA string=err, <nil>)
2025/07/04 16:01:13 profile_routes.go:39: [DEBUG] handleProfileByUserID%!(EXTRA string=userID, string=ceIlbEEbROeWumpQYGIdeP43nvK2)
2025/07/04 16:01:13 profile_routes.go:40: [DEBUG] handleProfileByUserID%!(EXTRA string=r.URL.Path, string=/v1/profiles/user/ceIlbEEbROeWumpQYGIdeP43nvK2)
2025/07/04 16:01:13 profile_routes.go:60: [DEBUG] getting profile by user ID
2025/07/04 16:01:13 profile_routes.go:63: [DEBUG] profile%!(EXTRA string=profile, *aws.Profile=&{ceIlbEEbROeWumpQYGIdeP43nvK2 2025-07-04 16:00:26.480513 +0530 IST 2025-07-04 16:00:26.480513 +0530 IST false   user_ceIlbEEb})
2025/07/04 16:01:13 profile_routes.go:64: [DEBUG] profile%!(EXTRA string=err, <nil>)
2025/07/04 16:10:05 profile_routes.go:39: [DEBUG] handleProfileByUserID%!(EXTRA string=userID, string=ceIlbEEbROeWumpQYGIdeP43nvK2)
2025/07/04 16:10:05 profile_routes.go:40: [DEBUG] handleProfileByUserID%!(EXTRA string=r.URL.Path, string=/v1/profiles/user/ceIlbEEbROeWumpQYGIdeP43nvK2)
2025/07/04 16:10:05 profile_routes.go:60: [DEBUG] getting profile by user ID
2025/07/04 16:10:05 profile_routes.go:63: [DEBUG] profile%!(EXTRA string=profile, *aws.Profile=&{ceIlbEEbROeWumpQYGIdeP43nvK2 2025-07-04 16:00:26.480513 +0530 IST 2025-07-04 16:00:26.480513 +0530 IST false   user_ceIlbEEb})
2025/07/04 16:10:05 profile_routes.go:64: [DEBUG] profile%!(EXTRA string=err, <nil>)
2025/07/04 16:10:07 profile_routes.go:39: [DEBUG] handleProfileByUserID%!(EXTRA string=userID, string=ceIlbEEbROeWumpQYGIdeP43nvK2)
2025/07/04 16:10:07 profile_routes.go:40: [DEBUG] handleProfileByUserID%!(EXTRA string=r.URL.Path, string=/v1/profiles/user/ceIlbEEbROeWumpQYGIdeP43nvK2)
2025/07/04 16:10:07 profile_routes.go:60: [DEBUG] getting profile by user ID
2025/07/04 16:10:07 profile_routes.go:63: [DEBUG] profile%!(EXTRA string=profile, *aws.Profile=&{ceIlbEEbROeWumpQYGIdeP43nvK2 2025-07-04 16:00:26.480513 +0530 IST 2025-07-04 16:00:26.480513 +0530 IST false   user_ceIlbEEb})
2025/07/04 16:10:07 profile_routes.go:64: [DEBUG] profile%!(EXTRA string=err, <nil>)
2025/07/04 16:11:04 profile_routes.go:39: [DEBUG] handleProfileByUserID%!(EXTRA string=userID, string=ceIlbEEbROeWumpQYGIdeP43nvK2)
2025/07/04 16:11:04 profile_routes.go:40: [DEBUG] handleProfileByUserID%!(EXTRA string=r.URL.Path, string=/v1/profiles/user/ceIlbEEbROeWumpQYGIdeP43nvK2)
2025/07/04 16:11:04 profile_routes.go:60: [DEBUG] getting profile by user ID
2025/07/04 16:11:04 profile_routes.go:63: [DEBUG] profile%!(EXTRA string=profile, *aws.Profile=&{ceIlbEEbROeWumpQYGIdeP43nvK2 2025-07-04 16:00:26.480513 +0530 IST 2025-07-04 16:00:26.480513 +0530 IST false   user_ceIlbEEb})
2025/07/04 16:11:04 profile_routes.go:64: [DEBUG] profile%!(EXTRA string=err, <nil>)
2025/07/04 16:11:05 profile_routes.go:39: [DEBUG] handleProfileByUserID%!(EXTRA string=userID, string=ceIlbEEbROeWumpQYGIdeP43nvK2)
2025/07/04 16:11:05 profile_routes.go:40: [DEBUG] handleProfileByUserID%!(EXTRA string=r.URL.Path, string=/v1/profiles/user/ceIlbEEbROeWumpQYGIdeP43nvK2)
2025/07/04 16:11:05 profile_routes.go:60: [DEBUG] getting profile by user ID
2025/07/04 16:11:05 profile_routes.go:39: [DEBUG] handleProfileByUserID%!(EXTRA string=userID, string=ceIlbEEbROeWumpQYGIdeP43nvK2)
2025/07/04 16:11:05 profile_routes.go:40: [DEBUG] handleProfileByUserID%!(EXTRA string=r.URL.Path, string=/v1/profiles/user/ceIlbEEbROeWumpQYGIdeP43nvK2)
2025/07/04 16:11:05 profile_routes.go:60: [DEBUG] getting profile by user ID
2025/07/04 16:11:05 profile_routes.go:63: [DEBUG] profile%!(EXTRA string=profile, *aws.Profile=&{ceIlbEEbROeWumpQYGIdeP43nvK2 2025-07-04 16:00:26.480513 +0530 IST 2025-07-04 16:00:26.480513 +0530 IST false   user_ceIlbEEb})
2025/07/04 16:11:05 profile_routes.go:64: [DEBUG] profile%!(EXTRA string=err, <nil>)
2025/07/04 16:11:05 profile_routes.go:63: [DEBUG] profile%!(EXTRA string=profile, *aws.Profile=&{ceIlbEEbROeWumpQYGIdeP43nvK2 2025-07-04 16:00:26.480513 +0530 IST 2025-07-04 16:00:26.480513 +0530 IST false   user_ceIlbEEb})
2025/07/04 16:11:05 profile_routes.go:64: [DEBUG] profile%!(EXTRA string=err, <nil>)
2025/07/04 16:11:11 profile_routes.go:39: [DEBUG] handleProfileByUserID%!(EXTRA string=userID, string=ceIlbEEbROeWumpQYGIdeP43nvK2)
2025/07/04 16:11:11 profile_routes.go:40: [DEBUG] handleProfileByUserID%!(EXTRA string=r.URL.Path, string=/v1/profiles/user/ceIlbEEbROeWumpQYGIdeP43nvK2)
2025/07/04 16:11:11 profile_routes.go:60: [DEBUG] getting profile by user ID
2025/07/04 16:11:11 profile_routes.go:63: [DEBUG] profile%!(EXTRA string=profile, *aws.Profile=&{ceIlbEEbROeWumpQYGIdeP43nvK2 2025-07-04 16:00:26.480513 +0530 IST 2025-07-04 16:00:26.480513 +0530 IST false   user_ceIlbEEb})
2025/07/04 16:11:11 profile_routes.go:64: [DEBUG] profile%!(EXTRA string=err, <nil>)
2025/07/04 16:11:14 profile_routes.go:39: [DEBUG] handleProfileByUserID%!(EXTRA string=userID, string=ceIlbEEbROeWumpQYGIdeP43nvK2)
2025/07/04 16:11:14 profile_routes.go:40: [DEBUG] handleProfileByUserID%!(EXTRA string=r.URL.Path, string=/v1/profiles/user/ceIlbEEbROeWumpQYGIdeP43nvK2)
2025/07/04 16:11:14 profile_routes.go:60: [DEBUG] getting profile by user ID
2025/07/04 16:11:14 profile_routes.go:39: [DEBUG] handleProfileByUserID%!(EXTRA string=userID, string=ceIlbEEbROeWumpQYGIdeP43nvK2)
2025/07/04 16:11:14 profile_routes.go:40: [DEBUG] handleProfileByUserID%!(EXTRA string=r.URL.Path, string=/v1/profiles/user/ceIlbEEbROeWumpQYGIdeP43nvK2)
2025/07/04 16:11:14 profile_routes.go:60: [DEBUG] getting profile by user ID
2025/07/04 16:11:14 profile_routes.go:63: [DEBUG] profile%!(EXTRA string=profile, *aws.Profile=&{ceIlbEEbROeWumpQYGIdeP43nvK2 2025-07-04 16:00:26.480513 +0530 IST 2025-07-04 16:00:26.480513 +0530 IST false   user_ceIlbEEb})
2025/07/04 16:11:14 profile_routes.go:64: [DEBUG] profile%!(EXTRA string=err, <nil>)
2025/07/04 16:11:14 profile_routes.go:63: [DEBUG] profile%!(EXTRA string=profile, *aws.Profile=&{ceIlbEEbROeWumpQYGIdeP43nvK2 2025-07-04 16:00:26.480513 +0530 IST 2025-07-04 16:00:26.480513 +0530 IST false   user_ceIlbEEb})
2025/07/04 16:11:14 profile_routes.go:64: [DEBUG] profile%!(EXTRA string=err, <nil>)
2025/07/04 16:11:16 profile_routes.go:39: [DEBUG] handleProfileByUserID%!(EXTRA string=userID, string=ceIlbEEbROeWumpQYGIdeP43nvK2)
2025/07/04 16:11:16 profile_routes.go:40: [DEBUG] handleProfileByUserID%!(EXTRA string=r.URL.Path, string=/v1/profiles/user/ceIlbEEbROeWumpQYGIdeP43nvK2)
2025/07/04 16:11:16 profile_routes.go:60: [DEBUG] getting profile by user ID
2025/07/04 16:11:16 profile_routes.go:39: [DEBUG] handleProfileByUserID%!(EXTRA string=userID, string=ceIlbEEbROeWumpQYGIdeP43nvK2)
2025/07/04 16:11:16 profile_routes.go:40: [DEBUG] handleProfileByUserID%!(EXTRA string=r.URL.Path, string=/v1/profiles/user/ceIlbEEbROeWumpQYGIdeP43nvK2)
2025/07/04 16:11:16 profile_routes.go:60: [DEBUG] getting profile by user ID
2025/07/04 16:11:16 profile_routes.go:63: [DEBUG] profile%!(EXTRA string=profile, *aws.Profile=&{ceIlbEEbROeWumpQYGIdeP43nvK2 2025-07-04 16:00:26.480513 +0530 IST 2025-07-04 16:00:26.480513 +0530 IST false   user_ceIlbEEb})
2025/07/04 16:11:16 profile_routes.go:64: [DEBUG] profile%!(EXTRA string=err, <nil>)
2025/07/04 16:11:16 profile_routes.go:63: [DEBUG] profile%!(EXTRA string=profile, *aws.Profile=&{ceIlbEEbROeWumpQYGIdeP43nvK2 2025-07-04 16:00:26.480513 +0530 IST 2025-07-04 16:00:26.480513 +0530 IST false   user_ceIlbEEb})
2025/07/04 16:11:16 profile_routes.go:64: [DEBUG] profile%!(EXTRA string=err, <nil>)
2025/07/04 16:11:18 profile_routes.go:39: [DEBUG] handleProfileByUserID%!(EXTRA string=userID, string=ceIlbEEbROeWumpQYGIdeP43nvK2)
2025/07/04 16:11:18 profile_routes.go:40: [DEBUG] handleProfileByUserID%!(EXTRA string=r.URL.Path, string=/v1/profiles/user/ceIlbEEbROeWumpQYGIdeP43nvK2)
2025/07/04 16:11:18 profile_routes.go:60: [DEBUG] getting profile by user ID
2025/07/04 16:11:18 profile_routes.go:63: [DEBUG] profile%!(EXTRA string=profile, *aws.Profile=&{ceIlbEEbROeWumpQYGIdeP43nvK2 2025-07-04 16:00:26.480513 +0530 IST 2025-07-04 16:00:26.480513 +0530 IST false   user_ceIlbEEb})
2025/07/04 16:11:18 profile_routes.go:64: [DEBUG] profile%!(EXTRA string=err, <nil>)
2025/07/04 16:11:20 profile_routes.go:39: [DEBUG] handleProfileByUserID%!(EXTRA string=userID, string=ceIlbEEbROeWumpQYGIdeP43nvK2)
2025/07/04 16:11:20 profile_routes.go:40: [DEBUG] handleProfileByUserID%!(EXTRA string=r.URL.Path, string=/v1/profiles/user/ceIlbEEbROeWumpQYGIdeP43nvK2)
2025/07/04 16:11:20 profile_routes.go:60: [DEBUG] getting profile by user ID
2025/07/04 16:11:20 profile_routes.go:39: [DEBUG] handleProfileByUserID%!(EXTRA string=userID, string=ceIlbEEbROeWumpQYGIdeP43nvK2)
2025/07/04 16:11:20 profile_routes.go:40: [DEBUG] handleProfileByUserID%!(EXTRA string=r.URL.Path, string=/v1/profiles/user/ceIlbEEbROeWumpQYGIdeP43nvK2)
2025/07/04 16:11:20 profile_routes.go:60: [DEBUG] getting profile by user ID
2025/07/04 16:11:20 profile_routes.go:63: [DEBUG] profile%!(EXTRA string=profile, *aws.Profile=&{ceIlbEEbROeWumpQYGIdeP43nvK2 2025-07-04 16:00:26.480513 +0530 IST 2025-07-04 16:00:26.480513 +0530 IST false   user_ceIlbEEb})
2025/07/04 16:11:20 profile_routes.go:64: [DEBUG] profile%!(EXTRA string=err, <nil>)
2025/07/04 16:11:20 profile_routes.go:63: [DEBUG] profile%!(EXTRA string=profile, *aws.Profile=&{ceIlbEEbROeWumpQYGIdeP43nvK2 2025-07-04 16:00:26.480513 +0530 IST 2025-07-04 16:00:26.480513 +0530 IST false   user_ceIlbEEb})
2025/07/04 16:11:20 profile_routes.go:64: [DEBUG] profile%!(EXTRA string=err, <nil>)
2025/07/04 16:11:32 profile_routes.go:39: [DEBUG] handleProfileByUserID%!(EXTRA string=userID, string=ceIlbEEbROeWumpQYGIdeP43nvK2)
2025/07/04 16:11:32 profile_routes.go:40: [DEBUG] handleProfileByUserID%!(EXTRA string=r.URL.Path, string=/v1/profiles/user/ceIlbEEbROeWumpQYGIdeP43nvK2)
2025/07/04 16:11:32 profile_routes.go:60: [DEBUG] getting profile by user ID
2025/07/04 16:11:32 profile_routes.go:63: [DEBUG] profile%!(EXTRA string=profile, *aws.Profile=&{ceIlbEEbROeWumpQYGIdeP43nvK2 2025-07-04 16:00:26.480513 +0530 IST 2025-07-04 16:00:26.480513 +0530 IST false   user_ceIlbEEb})
2025/07/04 16:11:32 profile_routes.go:64: [DEBUG] profile%!(EXTRA string=err, <nil>)
2025/07/04 16:11:34 profile_routes.go:39: [DEBUG] handleProfileByUserID%!(EXTRA string=userID, string=ceIlbEEbROeWumpQYGIdeP43nvK2)
2025/07/04 16:11:34 profile_routes.go:40: [DEBUG] handleProfileByUserID%!(EXTRA string=r.URL.Path, string=/v1/profiles/user/ceIlbEEbROeWumpQYGIdeP43nvK2)
2025/07/04 16:11:34 profile_routes.go:60: [DEBUG] getting profile by user ID
2025/07/04 16:11:34 profile_routes.go:63: [DEBUG] profile%!(EXTRA string=profile, *aws.Profile=&{ceIlbEEbROeWumpQYGIdeP43nvK2 2025-07-04 16:00:26.480513 +0530 IST 2025-07-04 16:00:26.480513 +0530 IST false   user_ceIlbEEb})
2025/07/04 16:11:34 profile_routes.go:64: [DEBUG] profile%!(EXTRA string=err, <nil>)
2025/07/04 16:11:35 profile_routes.go:39: [DEBUG] handleProfileByUserID%!(EXTRA string=userID, string=ceIlbEEbROeWumpQYGIdeP43nvK2)
2025/07/04 16:11:35 profile_routes.go:40: [DEBUG] handleProfileByUserID%!(EXTRA string=r.URL.Path, string=/v1/profiles/user/ceIlbEEbROeWumpQYGIdeP43nvK2)
2025/07/04 16:11:35 profile_routes.go:60: [DEBUG] getting profile by user ID
2025/07/04 16:11:35 profile_routes.go:63: [DEBUG] profile%!(EXTRA string=profile, *aws.Profile=&{ceIlbEEbROeWumpQYGIdeP43nvK2 2025-07-04 16:00:26.480513 +0530 IST 2025-07-04 16:00:26.480513 +0530 IST false   user_ceIlbEEb})
2025/07/04 16:11:35 profile_routes.go:64: [DEBUG] profile%!(EXTRA string=err, <nil>)
2025/07/04 16:11:39 profile_routes.go:39: [DEBUG] handleProfileByUserID%!(EXTRA string=userID, string=ceIlbEEbROeWumpQYGIdeP43nvK2)
2025/07/04 16:11:39 profile_routes.go:40: [DEBUG] handleProfileByUserID%!(EXTRA string=r.URL.Path, string=/v1/profiles/user/ceIlbEEbROeWumpQYGIdeP43nvK2)
2025/07/04 16:11:39 profile_routes.go:60: [DEBUG] getting profile by user ID
2025/07/04 16:11:39 profile_routes.go:39: [DEBUG] handleProfileByUserID%!(EXTRA string=userID, string=ceIlbEEbROeWumpQYGIdeP43nvK2)
2025/07/04 16:11:39 profile_routes.go:40: [DEBUG] handleProfileByUserID%!(EXTRA string=r.URL.Path, string=/v1/profiles/user/ceIlbEEbROeWumpQYGIdeP43nvK2)
2025/07/04 16:11:39 profile_routes.go:60: [DEBUG] getting profile by user ID
2025/07/04 16:11:39 profile_routes.go:63: [DEBUG] profile%!(EXTRA string=profile, *aws.Profile=&{ceIlbEEbROeWumpQYGIdeP43nvK2 2025-07-04 16:00:26.480513 +0530 IST 2025-07-04 16:00:26.480513 +0530 IST false   user_ceIlbEEb})
2025/07/04 16:11:39 profile_routes.go:64: [DEBUG] profile%!(EXTRA string=err, <nil>)
2025/07/04 16:11:39 profile_routes.go:63: [DEBUG] profile%!(EXTRA string=profile, *aws.Profile=&{ceIlbEEbROeWumpQYGIdeP43nvK2 2025-07-04 16:00:26.480513 +0530 IST 2025-07-04 16:00:26.480513 +0530 IST false   user_ceIlbEEb})
2025/07/04 16:11:39 profile_routes.go:64: [DEBUG] profile%!(EXTRA string=err, <nil>)
2025/07/04 16:11:54 profile_routes.go:39: [DEBUG] handleProfileByUserID%!(EXTRA string=userID, string=ceIlbEEbROeWumpQYGIdeP43nvK2)
2025/07/04 16:11:54 profile_routes.go:40: [DEBUG] handleProfileByUserID%!(EXTRA string=r.URL.Path, string=/v1/profiles/user/ceIlbEEbROeWumpQYGIdeP43nvK2)
2025/07/04 16:11:54 profile_routes.go:60: [DEBUG] getting profile by user ID
2025/07/04 16:11:54 profile_routes.go:63: [DEBUG] profile%!(EXTRA string=profile, *aws.Profile=&{ceIlbEEbROeWumpQYGIdeP43nvK2 2025-07-04 16:00:26.480513 +0530 IST 2025-07-04 16:00:26.480513 +0530 IST false   user_ceIlbEEb})
2025/07/04 16:11:54 profile_routes.go:64: [DEBUG] profile%!(EXTRA string=err, <nil>)
2025/07/04 16:11:56 profile_routes.go:39: [DEBUG] handleProfileByUserID%!(EXTRA string=userID, string=ceIlbEEbROeWumpQYGIdeP43nvK2)
2025/07/04 16:11:56 profile_routes.go:40: [DEBUG] handleProfileByUserID%!(EXTRA string=r.URL.Path, string=/v1/profiles/user/ceIlbEEbROeWumpQYGIdeP43nvK2)
2025/07/04 16:11:56 profile_routes.go:60: [DEBUG] getting profile by user ID
2025/07/04 16:11:56 profile_routes.go:39: [DEBUG] handleProfileByUserID%!(EXTRA string=userID, string=ceIlbEEbROeWumpQYGIdeP43nvK2)
2025/07/04 16:11:56 profile_routes.go:40: [DEBUG] handleProfileByUserID%!(EXTRA string=r.URL.Path, string=/v1/profiles/user/ceIlbEEbROeWumpQYGIdeP43nvK2)
2025/07/04 16:11:56 profile_routes.go:60: [DEBUG] getting profile by user ID
2025/07/04 16:11:56 profile_routes.go:63: [DEBUG] profile%!(EXTRA string=profile, *aws.Profile=&{ceIlbEEbROeWumpQYGIdeP43nvK2 2025-07-04 16:00:26.480513 +0530 IST 2025-07-04 16:00:26.480513 +0530 IST false   user_ceIlbEEb})
2025/07/04 16:11:56 profile_routes.go:64: [DEBUG] profile%!(EXTRA string=err, <nil>)
2025/07/04 16:11:56 profile_routes.go:63: [DEBUG] profile%!(EXTRA string=profile, *aws.Profile=&{ceIlbEEbROeWumpQYGIdeP43nvK2 2025-07-04 16:00:26.480513 +0530 IST 2025-07-04 16:00:26.480513 +0530 IST false   user_ceIlbEEb})
2025/07/04 16:11:56 profile_routes.go:64: [DEBUG] profile%!(EXTRA string=err, <nil>)
2025/07/04 16:11:57 profile_routes.go:39: [DEBUG] handleProfileByUserID%!(EXTRA string=userID, string=ceIlbEEbROeWumpQYGIdeP43nvK2)
2025/07/04 16:11:57 profile_routes.go:40: [DEBUG] handleProfileByUserID%!(EXTRA string=r.URL.Path, string=/v1/profiles/user/ceIlbEEbROeWumpQYGIdeP43nvK2)
2025/07/04 16:11:57 profile_routes.go:60: [DEBUG] getting profile by user ID
2025/07/04 16:11:57 profile_routes.go:63: [DEBUG] profile%!(EXTRA string=profile, *aws.Profile=&{ceIlbEEbROeWumpQYGIdeP43nvK2 2025-07-04 16:00:26.480513 +0530 IST 2025-07-04 16:00:26.480513 +0530 IST false   user_ceIlbEEb})
2025/07/04 16:11:57 profile_routes.go:64: [DEBUG] profile%!(EXTRA string=err, <nil>)
2025/07/04 16:11:59 profile_routes.go:39: [DEBUG] handleProfileByUserID%!(EXTRA string=userID, string=ceIlbEEbROeWumpQYGIdeP43nvK2)
2025/07/04 16:11:59 profile_routes.go:40: [DEBUG] handleProfileByUserID%!(EXTRA string=r.URL.Path, string=/v1/profiles/user/ceIlbEEbROeWumpQYGIdeP43nvK2)
2025/07/04 16:11:59 profile_routes.go:60: [DEBUG] getting profile by user ID
2025/07/04 16:11:59 profile_routes.go:39: [DEBUG] handleProfileByUserID%!(EXTRA string=userID, string=ceIlbEEbROeWumpQYGIdeP43nvK2)
2025/07/04 16:11:59 profile_routes.go:40: [DEBUG] handleProfileByUserID%!(EXTRA string=r.URL.Path, string=/v1/profiles/user/ceIlbEEbROeWumpQYGIdeP43nvK2)
2025/07/04 16:11:59 profile_routes.go:60: [DEBUG] getting profile by user ID
2025/07/04 16:11:59 profile_routes.go:63: [DEBUG] profile%!(EXTRA string=profile, *aws.Profile=&{ceIlbEEbROeWumpQYGIdeP43nvK2 2025-07-04 16:00:26.480513 +0530 IST 2025-07-04 16:00:26.480513 +0530 IST false   user_ceIlbEEb})
2025/07/04 16:11:59 profile_routes.go:64: [DEBUG] profile%!(EXTRA string=err, <nil>)
2025/07/04 16:11:59 profile_routes.go:63: [DEBUG] profile%!(EXTRA string=profile, *aws.Profile=&{ceIlbEEbROeWumpQYGIdeP43nvK2 2025-07-04 16:00:26.480513 +0530 IST 2025-07-04 16:00:26.480513 +0530 IST false   user_ceIlbEEb})
2025/07/04 16:11:59 profile_routes.go:64: [DEBUG] profile%!(EXTRA string=err, <nil>)
2025/07/04 16:12:04 profile_routes.go:39: [DEBUG] handleProfileByUserID%!(EXTRA string=userID, string=ceIlbEEbROeWumpQYGIdeP43nvK2)
2025/07/04 16:12:04 profile_routes.go:40: [DEBUG] handleProfileByUserID%!(EXTRA string=r.URL.Path, string=/v1/profiles/user/ceIlbEEbROeWumpQYGIdeP43nvK2)
2025/07/04 16:12:04 profile_routes.go:60: [DEBUG] getting profile by user ID
2025/07/04 16:12:04 profile_routes.go:63: [DEBUG] profile%!(EXTRA string=profile, *aws.Profile=&{ceIlbEEbROeWumpQYGIdeP43nvK2 2025-07-04 16:00:26.480513 +0530 IST 2025-07-04 16:00:26.480513 +0530 IST false   user_ceIlbEEb})
2025/07/04 16:12:04 profile_routes.go:64: [DEBUG] profile%!(EXTRA string=err, <nil>)
2025/07/04 16:12:06 profile_routes.go:39: [DEBUG] handleProfileByUserID%!(EXTRA string=userID, string=ceIlbEEbROeWumpQYGIdeP43nvK2)
2025/07/04 16:12:06 profile_routes.go:40: [DEBUG] handleProfileByUserID%!(EXTRA string=r.URL.Path, string=/v1/profiles/user/ceIlbEEbROeWumpQYGIdeP43nvK2)
2025/07/04 16:12:06 profile_routes.go:60: [DEBUG] getting profile by user ID
2025/07/04 16:12:06 profile_routes.go:39: [DEBUG] handleProfileByUserID%!(EXTRA string=userID, string=ceIlbEEbROeWumpQYGIdeP43nvK2)
2025/07/04 16:12:06 profile_routes.go:40: [DEBUG] handleProfileByUserID%!(EXTRA string=r.URL.Path, string=/v1/profiles/user/ceIlbEEbROeWumpQYGIdeP43nvK2)
2025/07/04 16:12:06 profile_routes.go:60: [DEBUG] getting profile by user ID
2025/07/04 16:12:06 profile_routes.go:63: [DEBUG] profile%!(EXTRA string=profile, *aws.Profile=&{ceIlbEEbROeWumpQYGIdeP43nvK2 2025-07-04 16:00:26.480513 +0530 IST 2025-07-04 16:00:26.480513 +0530 IST false   user_ceIlbEEb})
2025/07/04 16:12:06 profile_routes.go:64: [DEBUG] profile%!(EXTRA string=err, <nil>)
2025/07/04 16:12:06 profile_routes.go:63: [DEBUG] profile%!(EXTRA string=profile, *aws.Profile=&{ceIlbEEbROeWumpQYGIdeP43nvK2 2025-07-04 16:00:26.480513 +0530 IST 2025-07-04 16:00:26.480513 +0530 IST false   user_ceIlbEEb})
2025/07/04 16:12:06 profile_routes.go:64: [DEBUG] profile%!(EXTRA string=err, <nil>)
2025/07/04 16:12:08 profile_routes.go:39: [DEBUG] handleProfileByUserID%!(EXTRA string=userID, string=ceIlbEEbROeWumpQYGIdeP43nvK2)
2025/07/04 16:12:08 profile_routes.go:40: [DEBUG] handleProfileByUserID%!(EXTRA string=r.URL.Path, string=/v1/profiles/user/ceIlbEEbROeWumpQYGIdeP43nvK2)
2025/07/04 16:12:08 profile_routes.go:60: [DEBUG] getting profile by user ID
2025/07/04 16:12:08 profile_routes.go:63: [DEBUG] profile%!(EXTRA string=profile, *aws.Profile=&{ceIlbEEbROeWumpQYGIdeP43nvK2 2025-07-04 16:00:26.480513 +0530 IST 2025-07-04 16:00:26.480513 +0530 IST false   user_ceIlbEEb})
2025/07/04 16:12:08 profile_routes.go:64: [DEBUG] profile%!(EXTRA string=err, <nil>)
2025/07/04 16:12:10 profile_routes.go:39: [DEBUG] handleProfileByUserID%!(EXTRA string=userID, string=ceIlbEEbROeWumpQYGIdeP43nvK2)
2025/07/04 16:12:10 profile_routes.go:40: [DEBUG] handleProfileByUserID%!(EXTRA string=r.URL.Path, string=/v1/profiles/user/ceIlbEEbROeWumpQYGIdeP43nvK2)
2025/07/04 16:12:10 profile_routes.go:60: [DEBUG] getting profile by user ID
2025/07/04 16:12:10 profile_routes.go:39: [DEBUG] handleProfileByUserID%!(EXTRA string=userID, string=ceIlbEEbROeWumpQYGIdeP43nvK2)
2025/07/04 16:12:10 profile_routes.go:40: [DEBUG] handleProfileByUserID%!(EXTRA string=r.URL.Path, string=/v1/profiles/user/ceIlbEEbROeWumpQYGIdeP43nvK2)
2025/07/04 16:12:10 profile_routes.go:60: [DEBUG] getting profile by user ID
2025/07/04 16:12:10 profile_routes.go:63: [DEBUG] profile%!(EXTRA string=profile, *aws.Profile=&{ceIlbEEbROeWumpQYGIdeP43nvK2 2025-07-04 16:00:26.480513 +0530 IST 2025-07-04 16:00:26.480513 +0530 IST false   user_ceIlbEEb})
2025/07/04 16:12:10 profile_routes.go:64: [DEBUG] profile%!(EXTRA string=err, <nil>)
2025/07/04 16:12:10 profile_routes.go:63: [DEBUG] profile%!(EXTRA string=profile, *aws.Profile=&{ceIlbEEbROeWumpQYGIdeP43nvK2 2025-07-04 16:00:26.480513 +0530 IST 2025-07-04 16:00:26.480513 +0530 IST false   user_ceIlbEEb})
2025/07/04 16:12:10 profile_routes.go:64: [DEBUG] profile%!(EXTRA string=err, <nil>)
2025/07/04 16:12:40 profile_routes.go:39: [DEBUG] handleProfileByUserID%!(EXTRA string=userID, string=ceIlbEEbROeWumpQYGIdeP43nvK2)
2025/07/04 16:12:40 profile_routes.go:40: [DEBUG] handleProfileByUserID%!(EXTRA string=r.URL.Path, string=/v1/profiles/user/ceIlbEEbROeWumpQYGIdeP43nvK2)
2025/07/04 16:12:40 profile_routes.go:60: [DEBUG] getting profile by user ID
2025/07/04 16:12:40 profile_routes.go:39: [DEBUG] handleProfileByUserID%!(EXTRA string=userID, string=ceIlbEEbROeWumpQYGIdeP43nvK2)
2025/07/04 16:12:40 profile_routes.go:40: [DEBUG] handleProfileByUserID%!(EXTRA string=r.URL.Path, string=/v1/profiles/user/ceIlbEEbROeWumpQYGIdeP43nvK2)
2025/07/04 16:12:40 profile_routes.go:60: [DEBUG] getting profile by user ID
2025/07/04 16:12:40 profile_routes.go:39: [DEBUG] handleProfileByUserID%!(EXTRA string=userID, string=ceIlbEEbROeWumpQYGIdeP43nvK2)
2025/07/04 16:12:40 profile_routes.go:40: [DEBUG] handleProfileByUserID%!(EXTRA string=r.URL.Path, string=/v1/profiles/user/ceIlbEEbROeWumpQYGIdeP43nvK2)
2025/07/04 16:12:40 profile_routes.go:60: [DEBUG] getting profile by user ID
2025/07/04 16:12:40 profile_routes.go:39: [DEBUG] handleProfileByUserID%!(EXTRA string=userID, string=ceIlbEEbROeWumpQYGIdeP43nvK2)
2025/07/04 16:12:40 profile_routes.go:40: [DEBUG] handleProfileByUserID%!(EXTRA string=r.URL.Path, string=/v1/profiles/user/ceIlbEEbROeWumpQYGIdeP43nvK2)
2025/07/04 16:12:40 profile_routes.go:60: [DEBUG] getting profile by user ID
2025/07/04 16:12:40 profile_routes.go:63: [DEBUG] profile%!(EXTRA string=profile, *aws.Profile=&{ceIlbEEbROeWumpQYGIdeP43nvK2 2025-07-04 16:00:26.480513 +0530 IST 2025-07-04 16:00:26.480513 +0530 IST false   user_ceIlbEEb})
2025/07/04 16:12:40 profile_routes.go:64: [DEBUG] profile%!(EXTRA string=err, <nil>)
2025/07/04 16:12:40 profile_routes.go:63: [DEBUG] profile%!(EXTRA string=profile, *aws.Profile=&{ceIlbEEbROeWumpQYGIdeP43nvK2 2025-07-04 16:00:26.480513 +0530 IST 2025-07-04 16:00:26.480513 +0530 IST false   user_ceIlbEEb})
2025/07/04 16:12:40 profile_routes.go:64: [DEBUG] profile%!(EXTRA string=err, <nil>)
2025/07/04 16:12:41 profile_routes.go:63: [DEBUG] profile%!(EXTRA string=profile, *aws.Profile=&{ceIlbEEbROeWumpQYGIdeP43nvK2 2025-07-04 16:00:26.480513 +0530 IST 2025-07-04 16:00:26.480513 +0530 IST false   user_ceIlbEEb})
2025/07/04 16:12:41 profile_routes.go:64: [DEBUG] profile%!(EXTRA string=err, <nil>)
2025/07/04 16:12:41 profile_routes.go:63: [DEBUG] profile%!(EXTRA string=profile, *aws.Profile=&{ceIlbEEbROeWumpQYGIdeP43nvK2 2025-07-04 16:00:26.480513 +0530 IST 2025-07-04 16:00:26.480513 +0530 IST false   user_ceIlbEEb})
2025/07/04 16:12:41 profile_routes.go:64: [DEBUG] profile%!(EXTRA string=err, <nil>)
2025/07/04 16:12:46 main.go:144: [INFO] Server shutting down...
2025/07/04 16:12:46 main.go:154: [INFO] Server shutdown complete
2025/07/04 16:12:47 main.go:103: [INFO] Successfully loaded .env file
2025/07/04 16:12:47 main.go:108: [INFO] Gateway server initializing with 14 CPU cores
2025/07/04 16:12:47 main.go:113: [INFO] Starting gateway server on port 8080
2025/07/04 16:12:47 main.go:136: [INFO] Server listening on :8080
2025/07/04 16:12:54 profile_routes.go:39: [DEBUG] handleProfileByUserID%!(EXTRA string=userID, string=ceIlbEEbROeWumpQYGIdeP43nvK2)
2025/07/04 16:12:54 profile_routes.go:40: [DEBUG] handleProfileByUserID%!(EXTRA string=r.URL.Path, string=/v1/profiles/user/ceIlbEEbROeWumpQYGIdeP43nvK2)
2025/07/04 16:12:54 profile_routes.go:60: [DEBUG] getting profile by user ID
2025/07/04 16:12:55 profile_routes.go:63: [DEBUG] profile%!(EXTRA string=profile, *aws.Profile=&{ceIlbEEbROeWumpQYGIdeP43nvK2 2025-07-04 16:00:26.480513 +0530 IST 2025-07-04 16:00:26.480513 +0530 IST false   user_ceIlbEEb})
2025/07/04 16:12:55 profile_routes.go:64: [DEBUG] profile%!(EXTRA string=err, <nil>)
2025/07/04 16:12:55 profile_routes.go:39: [DEBUG] handleProfileByUserID%!(EXTRA string=userID, string=ceIlbEEbROeWumpQYGIdeP43nvK2)
2025/07/04 16:12:55 profile_routes.go:40: [DEBUG] handleProfileByUserID%!(EXTRA string=r.URL.Path, string=/v1/profiles/user/ceIlbEEbROeWumpQYGIdeP43nvK2)
2025/07/04 16:12:55 profile_routes.go:60: [DEBUG] getting profile by user ID
2025/07/04 16:12:56 profile_routes.go:63: [DEBUG] profile%!(EXTRA string=profile, *aws.Profile=&{ceIlbEEbROeWumpQYGIdeP43nvK2 2025-07-04 16:00:26.480513 +0530 IST 2025-07-04 16:00:26.480513 +0530 IST false   user_ceIlbEEb})
2025/07/04 16:12:56 profile_routes.go:64: [DEBUG] profile%!(EXTRA string=err, <nil>)
2025/07/04 16:12:56 profile_routes.go:39: [DEBUG] handleProfileByUserID%!(EXTRA string=userID, string=ceIlbEEbROeWumpQYGIdeP43nvK2)
2025/07/04 16:12:56 profile_routes.go:40: [DEBUG] handleProfileByUserID%!(EXTRA string=r.URL.Path, string=/v1/profiles/user/ceIlbEEbROeWumpQYGIdeP43nvK2)
2025/07/04 16:12:56 profile_routes.go:60: [DEBUG] getting profile by user ID
2025/07/04 16:12:56 profile_routes.go:39: [DEBUG] handleProfileByUserID%!(EXTRA string=userID, string=ceIlbEEbROeWumpQYGIdeP43nvK2)
2025/07/04 16:12:56 profile_routes.go:40: [DEBUG] handleProfileByUserID%!(EXTRA string=r.URL.Path, string=/v1/profiles/user/ceIlbEEbROeWumpQYGIdeP43nvK2)
2025/07/04 16:12:56 profile_routes.go:60: [DEBUG] getting profile by user ID
2025/07/04 16:12:56 profile_routes.go:39: [DEBUG] handleProfileByUserID%!(EXTRA string=userID, string=ceIlbEEbROeWumpQYGIdeP43nvK2)
2025/07/04 16:12:56 profile_routes.go:40: [DEBUG] handleProfileByUserID%!(EXTRA string=r.URL.Path, string=/v1/profiles/user/ceIlbEEbROeWumpQYGIdeP43nvK2)
2025/07/04 16:12:56 profile_routes.go:60: [DEBUG] getting profile by user ID
2025/07/04 16:12:56 profile_routes.go:63: [DEBUG] profile%!(EXTRA string=profile, *aws.Profile=&{ceIlbEEbROeWumpQYGIdeP43nvK2 2025-07-04 16:00:26.480513 +0530 IST 2025-07-04 16:00:26.480513 +0530 IST false   user_ceIlbEEb})
2025/07/04 16:12:56 profile_routes.go:64: [DEBUG] profile%!(EXTRA string=err, <nil>)
2025/07/04 16:12:56 profile_routes.go:63: [DEBUG] profile%!(EXTRA string=profile, *aws.Profile=&{ceIlbEEbROeWumpQYGIdeP43nvK2 2025-07-04 16:00:26.480513 +0530 IST 2025-07-04 16:00:26.480513 +0530 IST false   user_ceIlbEEb})
2025/07/04 16:12:56 profile_routes.go:64: [DEBUG] profile%!(EXTRA string=err, <nil>)
2025/07/04 16:12:56 profile_routes.go:63: [DEBUG] profile%!(EXTRA string=profile, *aws.Profile=&{ceIlbEEbROeWumpQYGIdeP43nvK2 2025-07-04 16:00:26.480513 +0530 IST 2025-07-04 16:00:26.480513 +0530 IST false   user_ceIlbEEb})
2025/07/04 16:12:56 profile_routes.go:64: [DEBUG] profile%!(EXTRA string=err, <nil>)
2025/07/04 16:12:57 profile_routes.go:39: [DEBUG] handleProfileByUserID%!(EXTRA string=userID, string=ceIlbEEbROeWumpQYGIdeP43nvK2)
2025/07/04 16:12:57 profile_routes.go:40: [DEBUG] handleProfileByUserID%!(EXTRA string=r.URL.Path, string=/v1/profiles/user/ceIlbEEbROeWumpQYGIdeP43nvK2)
2025/07/04 16:12:57 profile_routes.go:60: [DEBUG] getting profile by user ID
2025/07/04 16:12:57 profile_routes.go:63: [DEBUG] profile%!(EXTRA string=profile, *aws.Profile=&{ceIlbEEbROeWumpQYGIdeP43nvK2 2025-07-04 16:00:26.480513 +0530 IST 2025-07-04 16:00:26.480513 +0530 IST false   user_ceIlbEEb})
2025/07/04 16:12:57 profile_routes.go:64: [DEBUG] profile%!(EXTRA string=err, <nil>)
2025/07/04 16:12:58 profile_routes.go:39: [DEBUG] handleProfileByUserID%!(EXTRA string=userID, string=ceIlbEEbROeWumpQYGIdeP43nvK2)
2025/07/04 16:12:58 profile_routes.go:40: [DEBUG] handleProfileByUserID%!(EXTRA string=r.URL.Path, string=/v1/profiles/user/ceIlbEEbROeWumpQYGIdeP43nvK2)
2025/07/04 16:12:58 profile_routes.go:60: [DEBUG] getting profile by user ID
2025/07/04 16:12:58 profile_routes.go:39: [DEBUG] handleProfileByUserID%!(EXTRA string=userID, string=ceIlbEEbROeWumpQYGIdeP43nvK2)
2025/07/04 16:12:58 profile_routes.go:40: [DEBUG] handleProfileByUserID%!(EXTRA string=r.URL.Path, string=/v1/profiles/user/ceIlbEEbROeWumpQYGIdeP43nvK2)
2025/07/04 16:12:58 profile_routes.go:60: [DEBUG] getting profile by user ID
2025/07/04 16:12:58 profile_routes.go:63: [DEBUG] profile%!(EXTRA string=profile, *aws.Profile=&{ceIlbEEbROeWumpQYGIdeP43nvK2 2025-07-04 16:00:26.480513 +0530 IST 2025-07-04 16:00:26.480513 +0530 IST false   user_ceIlbEEb})
2025/07/04 16:12:58 profile_routes.go:64: [DEBUG] profile%!(EXTRA string=err, <nil>)
2025/07/04 16:12:58 profile_routes.go:63: [DEBUG] profile%!(EXTRA string=profile, *aws.Profile=&{ceIlbEEbROeWumpQYGIdeP43nvK2 2025-07-04 16:00:26.480513 +0530 IST 2025-07-04 16:00:26.480513 +0530 IST false   user_ceIlbEEb})
2025/07/04 16:12:58 profile_routes.go:64: [DEBUG] profile%!(EXTRA string=err, <nil>)
2025/07/04 16:13:00 profile_routes.go:39: [DEBUG] handleProfileByUserID%!(EXTRA string=userID, string=ceIlbEEbROeWumpQYGIdeP43nvK2)
2025/07/04 16:13:00 profile_routes.go:40: [DEBUG] handleProfileByUserID%!(EXTRA string=r.URL.Path, string=/v1/profiles/user/ceIlbEEbROeWumpQYGIdeP43nvK2)
2025/07/04 16:13:00 profile_routes.go:60: [DEBUG] getting profile by user ID
2025/07/04 16:13:00 profile_routes.go:63: [DEBUG] profile%!(EXTRA string=profile, *aws.Profile=&{ceIlbEEbROeWumpQYGIdeP43nvK2 2025-07-04 16:00:26.480513 +0530 IST 2025-07-04 16:00:26.480513 +0530 IST false   user_ceIlbEEb})
2025/07/04 16:13:00 profile_routes.go:64: [DEBUG] profile%!(EXTRA string=err, <nil>)
2025/07/04 16:13:00 profile_routes.go:39: [DEBUG] handleProfileByUserID%!(EXTRA string=userID, string=ceIlbEEbROeWumpQYGIdeP43nvK2)
2025/07/04 16:13:00 profile_routes.go:40: [DEBUG] handleProfileByUserID%!(EXTRA string=r.URL.Path, string=/v1/profiles/user/ceIlbEEbROeWumpQYGIdeP43nvK2)
2025/07/04 16:13:00 profile_routes.go:60: [DEBUG] getting profile by user ID
2025/07/04 16:13:00 profile_routes.go:39: [DEBUG] handleProfileByUserID%!(EXTRA string=userID, string=ceIlbEEbROeWumpQYGIdeP43nvK2)
2025/07/04 16:13:00 profile_routes.go:40: [DEBUG] handleProfileByUserID%!(EXTRA string=r.URL.Path, string=/v1/profiles/user/ceIlbEEbROeWumpQYGIdeP43nvK2)
2025/07/04 16:13:00 profile_routes.go:39: [DEBUG] handleProfileByUserID%!(EXTRA string=userID, string=ceIlbEEbROeWumpQYGIdeP43nvK2)
2025/07/04 16:13:00 profile_routes.go:40: [DEBUG] handleProfileByUserID%!(EXTRA string=r.URL.Path, string=/v1/profiles/user/ceIlbEEbROeWumpQYGIdeP43nvK2)
2025/07/04 16:13:00 profile_routes.go:60: [DEBUG] getting profile by user ID
2025/07/04 16:13:00 profile_routes.go:60: [DEBUG] getting profile by user ID
2025/07/04 16:13:00 profile_routes.go:39: [DEBUG] handleProfileByUserID%!(EXTRA string=userID, string=ceIlbEEbROeWumpQYGIdeP43nvK2)
2025/07/04 16:13:00 profile_routes.go:40: [DEBUG] handleProfileByUserID%!(EXTRA string=r.URL.Path, string=/v1/profiles/user/ceIlbEEbROeWumpQYGIdeP43nvK2)
2025/07/04 16:13:00 profile_routes.go:60: [DEBUG] getting profile by user ID
2025/07/04 16:13:00 profile_routes.go:63: [DEBUG] profile%!(EXTRA string=profile, *aws.Profile=&{ceIlbEEbROeWumpQYGIdeP43nvK2 2025-07-04 16:00:26.480513 +0530 IST 2025-07-04 16:00:26.480513 +0530 IST false   user_ceIlbEEb})
2025/07/04 16:13:00 profile_routes.go:64: [DEBUG] profile%!(EXTRA string=err, <nil>)
2025/07/04 16:13:00 profile_routes.go:63: [DEBUG] profile%!(EXTRA string=profile, *aws.Profile=&{ceIlbEEbROeWumpQYGIdeP43nvK2 2025-07-04 16:00:26.480513 +0530 IST 2025-07-04 16:00:26.480513 +0530 IST false   user_ceIlbEEb})
2025/07/04 16:13:00 profile_routes.go:64: [DEBUG] profile%!(EXTRA string=err, <nil>)
2025/07/04 16:13:00 profile_routes.go:63: [DEBUG] profile%!(EXTRA string=profile, *aws.Profile=&{ceIlbEEbROeWumpQYGIdeP43nvK2 2025-07-04 16:00:26.480513 +0530 IST 2025-07-04 16:00:26.480513 +0530 IST false   user_ceIlbEEb})
2025/07/04 16:13:00 profile_routes.go:64: [DEBUG] profile%!(EXTRA string=err, <nil>)
2025/07/04 16:13:00 profile_routes.go:63: [DEBUG] profile%!(EXTRA string=profile, *aws.Profile=&{ceIlbEEbROeWumpQYGIdeP43nvK2 2025-07-04 16:00:26.480513 +0530 IST 2025-07-04 16:00:26.480513 +0530 IST false   user_ceIlbEEb})
2025/07/04 16:13:00 profile_routes.go:64: [DEBUG] profile%!(EXTRA string=err, <nil>)
2025/07/04 16:13:02 profile_routes.go:39: [DEBUG] handleProfileByUserID%!(EXTRA string=userID, string=ceIlbEEbROeWumpQYGIdeP43nvK2)
2025/07/04 16:13:02 profile_routes.go:40: [DEBUG] handleProfileByUserID%!(EXTRA string=r.URL.Path, string=/v1/profiles/user/ceIlbEEbROeWumpQYGIdeP43nvK2)
2025/07/04 16:13:02 profile_routes.go:60: [DEBUG] getting profile by user ID
2025/07/04 16:13:02 profile_routes.go:63: [DEBUG] profile%!(EXTRA string=profile, *aws.Profile=&{ceIlbEEbROeWumpQYGIdeP43nvK2 2025-07-04 16:00:26.480513 +0530 IST 2025-07-04 16:00:26.480513 +0530 IST false   user_ceIlbEEb})
2025/07/04 16:13:02 profile_routes.go:64: [DEBUG] profile%!(EXTRA string=err, <nil>)
2025/07/04 16:13:03 profile_routes.go:39: [DEBUG] handleProfileByUserID%!(EXTRA string=userID, string=ceIlbEEbROeWumpQYGIdeP43nvK2)
2025/07/04 16:13:03 profile_routes.go:40: [DEBUG] handleProfileByUserID%!(EXTRA string=r.URL.Path, string=/v1/profiles/user/ceIlbEEbROeWumpQYGIdeP43nvK2)
2025/07/04 16:13:03 profile_routes.go:60: [DEBUG] getting profile by user ID
2025/07/04 16:13:03 profile_routes.go:39: [DEBUG] handleProfileByUserID%!(EXTRA string=userID, string=ceIlbEEbROeWumpQYGIdeP43nvK2)
2025/07/04 16:13:03 profile_routes.go:40: [DEBUG] handleProfileByUserID%!(EXTRA string=r.URL.Path, string=/v1/profiles/user/ceIlbEEbROeWumpQYGIdeP43nvK2)
2025/07/04 16:13:03 profile_routes.go:60: [DEBUG] getting profile by user ID
2025/07/04 16:13:03 profile_routes.go:39: [DEBUG] handleProfileByUserID%!(EXTRA string=userID, string=ceIlbEEbROeWumpQYGIdeP43nvK2)
2025/07/04 16:13:03 profile_routes.go:40: [DEBUG] handleProfileByUserID%!(EXTRA string=r.URL.Path, string=/v1/profiles/user/ceIlbEEbROeWumpQYGIdeP43nvK2)
2025/07/04 16:13:03 profile_routes.go:60: [DEBUG] getting profile by user ID
2025/07/04 16:13:03 profile_routes.go:39: [DEBUG] handleProfileByUserID%!(EXTRA string=userID, string=ceIlbEEbROeWumpQYGIdeP43nvK2)
2025/07/04 16:13:03 profile_routes.go:40: [DEBUG] handleProfileByUserID%!(EXTRA string=r.URL.Path, string=/v1/profiles/user/ceIlbEEbROeWumpQYGIdeP43nvK2)
2025/07/04 16:13:03 profile_routes.go:60: [DEBUG] getting profile by user ID
2025/07/04 16:13:03 profile_routes.go:63: [DEBUG] profile%!(EXTRA string=profile, *aws.Profile=&{ceIlbEEbROeWumpQYGIdeP43nvK2 2025-07-04 16:00:26.480513 +0530 IST 2025-07-04 16:00:26.480513 +0530 IST false   user_ceIlbEEb})
2025/07/04 16:13:03 profile_routes.go:64: [DEBUG] profile%!(EXTRA string=err, <nil>)
2025/07/04 16:13:03 profile_routes.go:63: [DEBUG] profile%!(EXTRA string=profile, *aws.Profile=&{ceIlbEEbROeWumpQYGIdeP43nvK2 2025-07-04 16:00:26.480513 +0530 IST 2025-07-04 16:00:26.480513 +0530 IST false   user_ceIlbEEb})
2025/07/04 16:13:03 profile_routes.go:64: [DEBUG] profile%!(EXTRA string=err, <nil>)
2025/07/04 16:13:03 profile_routes.go:63: [DEBUG] profile%!(EXTRA string=profile, *aws.Profile=&{ceIlbEEbROeWumpQYGIdeP43nvK2 2025-07-04 16:00:26.480513 +0530 IST 2025-07-04 16:00:26.480513 +0530 IST false   user_ceIlbEEb})
2025/07/04 16:13:03 profile_routes.go:64: [DEBUG] profile%!(EXTRA string=err, <nil>)
2025/07/04 16:13:03 profile_routes.go:63: [DEBUG] profile%!(EXTRA string=profile, *aws.Profile=&{ceIlbEEbROeWumpQYGIdeP43nvK2 2025-07-04 16:00:26.480513 +0530 IST 2025-07-04 16:00:26.480513 +0530 IST false   user_ceIlbEEb})
2025/07/04 16:13:03 profile_routes.go:64: [DEBUG] profile%!(EXTRA string=err, <nil>)
2025/07/04 16:13:14 profile_routes.go:39: [DEBUG] handleProfileByUserID%!(EXTRA string=userID, string=ceIlbEEbROeWumpQYGIdeP43nvK2)
2025/07/04 16:13:14 profile_routes.go:40: [DEBUG] handleProfileByUserID%!(EXTRA string=r.URL.Path, string=/v1/profiles/user/ceIlbEEbROeWumpQYGIdeP43nvK2)
2025/07/04 16:13:14 profile_routes.go:60: [DEBUG] getting profile by user ID
2025/07/04 16:13:14 profile_routes.go:63: [DEBUG] profile%!(EXTRA string=profile, *aws.Profile=&{ceIlbEEbROeWumpQYGIdeP43nvK2 2025-07-04 16:00:26.480513 +0530 IST 2025-07-04 16:00:26.480513 +0530 IST false   user_ceIlbEEb})
2025/07/04 16:13:14 profile_routes.go:64: [DEBUG] profile%!(EXTRA string=err, <nil>)
2025/07/04 16:13:24 profile_routes.go:39: [DEBUG] handleProfileByUserID%!(EXTRA string=userID, string=ceIlbEEbROeWumpQYGIdeP43nvK2)
2025/07/04 16:13:24 profile_routes.go:40: [DEBUG] handleProfileByUserID%!(EXTRA string=r.URL.Path, string=/v1/profiles/user/ceIlbEEbROeWumpQYGIdeP43nvK2)
2025/07/04 16:13:24 profile_routes.go:60: [DEBUG] getting profile by user ID
2025/07/04 16:13:24 profile_routes.go:63: [DEBUG] profile%!(EXTRA string=profile, *aws.Profile=&{ceIlbEEbROeWumpQYGIdeP43nvK2 2025-07-04 16:00:26.480513 +0530 IST 2025-07-04 16:00:26.480513 +0530 IST false   user_ceIlbEEb})
2025/07/04 16:13:24 profile_routes.go:64: [DEBUG] profile%!(EXTRA string=err, <nil>)
2025/07/04 16:13:25 profile_routes.go:39: [DEBUG] handleProfileByUserID%!(EXTRA string=userID, string=ceIlbEEbROeWumpQYGIdeP43nvK2)
2025/07/04 16:13:25 profile_routes.go:40: [DEBUG] handleProfileByUserID%!(EXTRA string=r.URL.Path, string=/v1/profiles/user/ceIlbEEbROeWumpQYGIdeP43nvK2)
2025/07/04 16:13:25 profile_routes.go:60: [DEBUG] getting profile by user ID
2025/07/04 16:13:25 profile_routes.go:39: [DEBUG] handleProfileByUserID%!(EXTRA string=userID, string=ceIlbEEbROeWumpQYGIdeP43nvK2)
2025/07/04 16:13:25 profile_routes.go:40: [DEBUG] handleProfileByUserID%!(EXTRA string=r.URL.Path, string=/v1/profiles/user/ceIlbEEbROeWumpQYGIdeP43nvK2)
2025/07/04 16:13:25 profile_routes.go:60: [DEBUG] getting profile by user ID
2025/07/04 16:13:25 profile_routes.go:63: [DEBUG] profile%!(EXTRA string=profile, *aws.Profile=&{ceIlbEEbROeWumpQYGIdeP43nvK2 2025-07-04 16:00:26.480513 +0530 IST 2025-07-04 16:00:26.480513 +0530 IST false   user_ceIlbEEb})
2025/07/04 16:13:25 profile_routes.go:64: [DEBUG] profile%!(EXTRA string=err, <nil>)
2025/07/04 16:13:25 profile_routes.go:63: [DEBUG] profile%!(EXTRA string=profile, *aws.Profile=&{ceIlbEEbROeWumpQYGIdeP43nvK2 2025-07-04 16:00:26.480513 +0530 IST 2025-07-04 16:00:26.480513 +0530 IST false   user_ceIlbEEb})
2025/07/04 16:13:25 profile_routes.go:64: [DEBUG] profile%!(EXTRA string=err, <nil>)
2025/07/04 16:13:54 profile_routes.go:39: [DEBUG] handleProfileByUserID%!(EXTRA string=userID, string=ceIlbEEbROeWumpQYGIdeP43nvK2)
2025/07/04 16:13:54 profile_routes.go:40: [DEBUG] handleProfileByUserID%!(EXTRA string=r.URL.Path, string=/v1/profiles/user/ceIlbEEbROeWumpQYGIdeP43nvK2)
2025/07/04 16:13:54 profile_routes.go:60: [DEBUG] getting profile by user ID
2025/07/04 16:13:54 profile_routes.go:63: [DEBUG] profile%!(EXTRA string=profile, *aws.Profile=&{ceIlbEEbROeWumpQYGIdeP43nvK2 2025-07-04 16:00:26.480513 +0530 IST 2025-07-04 16:00:26.480513 +0530 IST false   user_ceIlbEEb})
2025/07/04 16:13:54 profile_routes.go:64: [DEBUG] profile%!(EXTRA string=err, <nil>)
2025/07/04 16:13:56 profile_routes.go:39: [DEBUG] handleProfileByUserID%!(EXTRA string=userID, string=ceIlbEEbROeWumpQYGIdeP43nvK2)
2025/07/04 16:13:56 profile_routes.go:40: [DEBUG] handleProfileByUserID%!(EXTRA string=r.URL.Path, string=/v1/profiles/user/ceIlbEEbROeWumpQYGIdeP43nvK2)
2025/07/04 16:13:56 profile_routes.go:60: [DEBUG] getting profile by user ID
2025/07/04 16:13:56 profile_routes.go:39: [DEBUG] handleProfileByUserID%!(EXTRA string=userID, string=ceIlbEEbROeWumpQYGIdeP43nvK2)
2025/07/04 16:13:56 profile_routes.go:40: [DEBUG] handleProfileByUserID%!(EXTRA string=r.URL.Path, string=/v1/profiles/user/ceIlbEEbROeWumpQYGIdeP43nvK2)
2025/07/04 16:13:56 profile_routes.go:60: [DEBUG] getting profile by user ID
2025/07/04 16:13:56 profile_routes.go:63: [DEBUG] profile%!(EXTRA string=profile, *aws.Profile=&{ceIlbEEbROeWumpQYGIdeP43nvK2 2025-07-04 16:00:26.480513 +0530 IST 2025-07-04 16:00:26.480513 +0530 IST false   user_ceIlbEEb})
2025/07/04 16:13:56 profile_routes.go:64: [DEBUG] profile%!(EXTRA string=err, <nil>)
2025/07/04 16:13:56 profile_routes.go:63: [DEBUG] profile%!(EXTRA string=profile, *aws.Profile=&{ceIlbEEbROeWumpQYGIdeP43nvK2 2025-07-04 16:00:26.480513 +0530 IST 2025-07-04 16:00:26.480513 +0530 IST false   user_ceIlbEEb})
2025/07/04 16:13:56 profile_routes.go:64: [DEBUG] profile%!(EXTRA string=err, <nil>)
2025/07/04 16:13:58 profile_routes.go:39: [DEBUG] handleProfileByUserID%!(EXTRA string=userID, string=ceIlbEEbROeWumpQYGIdeP43nvK2)
2025/07/04 16:13:58 profile_routes.go:40: [DEBUG] handleProfileByUserID%!(EXTRA string=r.URL.Path, string=/v1/profiles/user/ceIlbEEbROeWumpQYGIdeP43nvK2)
2025/07/04 16:13:58 profile_routes.go:60: [DEBUG] getting profile by user ID
2025/07/04 16:13:58 profile_routes.go:39: [DEBUG] handleProfileByUserID%!(EXTRA string=userID, string=ceIlbEEbROeWumpQYGIdeP43nvK2)
2025/07/04 16:13:58 profile_routes.go:40: [DEBUG] handleProfileByUserID%!(EXTRA string=r.URL.Path, string=/v1/profiles/user/ceIlbEEbROeWumpQYGIdeP43nvK2)
2025/07/04 16:13:58 profile_routes.go:60: [DEBUG] getting profile by user ID
2025/07/04 16:13:58 profile_routes.go:63: [DEBUG] profile%!(EXTRA string=profile, *aws.Profile=&{ceIlbEEbROeWumpQYGIdeP43nvK2 2025-07-04 16:00:26.480513 +0530 IST 2025-07-04 16:00:26.480513 +0530 IST false   user_ceIlbEEb})
2025/07/04 16:13:58 profile_routes.go:64: [DEBUG] profile%!(EXTRA string=err, <nil>)
2025/07/04 16:13:58 profile_routes.go:63: [DEBUG] profile%!(EXTRA string=profile, *aws.Profile=&{ceIlbEEbROeWumpQYGIdeP43nvK2 2025-07-04 16:00:26.480513 +0530 IST 2025-07-04 16:00:26.480513 +0530 IST false   user_ceIlbEEb})
2025/07/04 16:13:58 profile_routes.go:64: [DEBUG] profile%!(EXTRA string=err, <nil>)
2025/07/04 16:14:10 profile_routes.go:39: [DEBUG] handleProfileByUserID%!(EXTRA string=userID, string=ceIlbEEbROeWumpQYGIdeP43nvK2)
2025/07/04 16:14:10 profile_routes.go:40: [DEBUG] handleProfileByUserID%!(EXTRA string=r.URL.Path, string=/v1/profiles/user/ceIlbEEbROeWumpQYGIdeP43nvK2)
2025/07/04 16:14:10 profile_routes.go:60: [DEBUG] getting profile by user ID
2025/07/04 16:14:10 profile_routes.go:63: [DEBUG] profile%!(EXTRA string=profile, *aws.Profile=&{ceIlbEEbROeWumpQYGIdeP43nvK2 2025-07-04 16:00:26.480513 +0530 IST 2025-07-04 16:00:26.480513 +0530 IST false   user_ceIlbEEb})
2025/07/04 16:14:10 profile_routes.go:64: [DEBUG] profile%!(EXTRA string=err, <nil>)
2025/07/04 16:14:11 profile_routes.go:39: [DEBUG] handleProfileByUserID%!(EXTRA string=userID, string=ceIlbEEbROeWumpQYGIdeP43nvK2)
2025/07/04 16:14:11 profile_routes.go:40: [DEBUG] handleProfileByUserID%!(EXTRA string=r.URL.Path, string=/v1/profiles/user/ceIlbEEbROeWumpQYGIdeP43nvK2)
2025/07/04 16:14:11 profile_routes.go:60: [DEBUG] getting profile by user ID
2025/07/04 16:14:11 profile_routes.go:63: [DEBUG] profile%!(EXTRA string=profile, *aws.Profile=&{ceIlbEEbROeWumpQYGIdeP43nvK2 2025-07-04 16:00:26.480513 +0530 IST 2025-07-04 16:00:26.480513 +0530 IST false   user_ceIlbEEb})
2025/07/04 16:14:11 profile_routes.go:64: [DEBUG] profile%!(EXTRA string=err, <nil>)
2025/07/04 16:14:13 profile_routes.go:39: [DEBUG] handleProfileByUserID%!(EXTRA string=userID, string=ceIlbEEbROeWumpQYGIdeP43nvK2)
2025/07/04 16:14:13 profile_routes.go:40: [DEBUG] handleProfileByUserID%!(EXTRA string=r.URL.Path, string=/v1/profiles/user/ceIlbEEbROeWumpQYGIdeP43nvK2)
2025/07/04 16:14:13 profile_routes.go:60: [DEBUG] getting profile by user ID
2025/07/04 16:14:13 profile_routes.go:63: [DEBUG] profile%!(EXTRA string=profile, *aws.Profile=&{ceIlbEEbROeWumpQYGIdeP43nvK2 2025-07-04 16:00:26.480513 +0530 IST 2025-07-04 16:00:26.480513 +0530 IST false   user_ceIlbEEb})
2025/07/04 16:14:13 profile_routes.go:64: [DEBUG] profile%!(EXTRA string=err, <nil>)
2025/07/04 16:14:15 profile_routes.go:39: [DEBUG] handleProfileByUserID%!(EXTRA string=userID, string=ceIlbEEbROeWumpQYGIdeP43nvK2)
2025/07/04 16:14:15 profile_routes.go:40: [DEBUG] handleProfileByUserID%!(EXTRA string=r.URL.Path, string=/v1/profiles/user/ceIlbEEbROeWumpQYGIdeP43nvK2)
2025/07/04 16:14:15 profile_routes.go:60: [DEBUG] getting profile by user ID
2025/07/04 16:14:15 profile_routes.go:63: [DEBUG] profile%!(EXTRA string=profile, *aws.Profile=&{ceIlbEEbROeWumpQYGIdeP43nvK2 2025-07-04 16:00:26.480513 +0530 IST 2025-07-04 16:00:26.480513 +0530 IST false   user_ceIlbEEb})
2025/07/04 16:14:15 profile_routes.go:64: [DEBUG] profile%!(EXTRA string=err, <nil>)
2025/07/04 16:14:17 profile_routes.go:39: [DEBUG] handleProfileByUserID%!(EXTRA string=userID, string=ceIlbEEbROeWumpQYGIdeP43nvK2)
2025/07/04 16:14:17 profile_routes.go:40: [DEBUG] handleProfileByUserID%!(EXTRA string=r.URL.Path, string=/v1/profiles/user/ceIlbEEbROeWumpQYGIdeP43nvK2)
2025/07/04 16:14:17 profile_routes.go:60: [DEBUG] getting profile by user ID
2025/07/04 16:14:17 profile_routes.go:63: [DEBUG] profile%!(EXTRA string=profile, *aws.Profile=&{ceIlbEEbROeWumpQYGIdeP43nvK2 2025-07-04 16:00:26.480513 +0530 IST 2025-07-04 16:00:26.480513 +0530 IST false   user_ceIlbEEb})
2025/07/04 16:14:17 profile_routes.go:64: [DEBUG] profile%!(EXTRA string=err, <nil>)
2025/07/04 16:14:20 profile_routes.go:39: [DEBUG] handleProfileByUserID%!(EXTRA string=userID, string=ceIlbEEbROeWumpQYGIdeP43nvK2)
2025/07/04 16:14:20 profile_routes.go:40: [DEBUG] handleProfileByUserID%!(EXTRA string=r.URL.Path, string=/v1/profiles/user/ceIlbEEbROeWumpQYGIdeP43nvK2)
2025/07/04 16:14:20 profile_routes.go:60: [DEBUG] getting profile by user ID
2025/07/04 16:14:20 profile_routes.go:39: [DEBUG] handleProfileByUserID%!(EXTRA string=userID, string=ceIlbEEbROeWumpQYGIdeP43nvK2)
2025/07/04 16:14:20 profile_routes.go:40: [DEBUG] handleProfileByUserID%!(EXTRA string=r.URL.Path, string=/v1/profiles/user/ceIlbEEbROeWumpQYGIdeP43nvK2)
2025/07/04 16:14:20 profile_routes.go:60: [DEBUG] getting profile by user ID
2025/07/04 16:14:20 profile_routes.go:63: [DEBUG] profile%!(EXTRA string=profile, *aws.Profile=&{ceIlbEEbROeWumpQYGIdeP43nvK2 2025-07-04 16:00:26.480513 +0530 IST 2025-07-04 16:00:26.480513 +0530 IST false   user_ceIlbEEb})
2025/07/04 16:14:20 profile_routes.go:64: [DEBUG] profile%!(EXTRA string=err, <nil>)
2025/07/04 16:14:20 profile_routes.go:63: [DEBUG] profile%!(EXTRA string=profile, *aws.Profile=&{ceIlbEEbROeWumpQYGIdeP43nvK2 2025-07-04 16:00:26.480513 +0530 IST 2025-07-04 16:00:26.480513 +0530 IST false   user_ceIlbEEb})
2025/07/04 16:14:20 profile_routes.go:64: [DEBUG] profile%!(EXTRA string=err, <nil>)
2025/07/04 16:14:27 profile_routes.go:39: [DEBUG] handleProfileByUserID%!(EXTRA string=userID, string=ceIlbEEbROeWumpQYGIdeP43nvK2)
2025/07/04 16:14:27 profile_routes.go:40: [DEBUG] handleProfileByUserID%!(EXTRA string=r.URL.Path, string=/v1/profiles/user/ceIlbEEbROeWumpQYGIdeP43nvK2)
2025/07/04 16:14:27 profile_routes.go:60: [DEBUG] getting profile by user ID
2025/07/04 16:14:27 profile_routes.go:39: [DEBUG] handleProfileByUserID%!(EXTRA string=userID, string=ceIlbEEbROeWumpQYGIdeP43nvK2)
2025/07/04 16:14:27 profile_routes.go:40: [DEBUG] handleProfileByUserID%!(EXTRA string=r.URL.Path, string=/v1/profiles/user/ceIlbEEbROeWumpQYGIdeP43nvK2)
2025/07/04 16:14:27 profile_routes.go:60: [DEBUG] getting profile by user ID
2025/07/04 16:14:28 profile_routes.go:63: [DEBUG] profile%!(EXTRA string=profile, *aws.Profile=&{ceIlbEEbROeWumpQYGIdeP43nvK2 2025-07-04 16:00:26.480513 +0530 IST 2025-07-04 16:00:26.480513 +0530 IST false   user_ceIlbEEb})
2025/07/04 16:14:28 profile_routes.go:64: [DEBUG] profile%!(EXTRA string=err, <nil>)
2025/07/04 16:14:28 profile_routes.go:63: [DEBUG] profile%!(EXTRA string=profile, *aws.Profile=&{ceIlbEEbROeWumpQYGIdeP43nvK2 2025-07-04 16:00:26.480513 +0530 IST 2025-07-04 16:00:26.480513 +0530 IST false   user_ceIlbEEb})
2025/07/04 16:14:28 profile_routes.go:64: [DEBUG] profile%!(EXTRA string=err, <nil>)
2025/07/04 16:14:37 profile_routes.go:39: [DEBUG] handleProfileByUserID%!(EXTRA string=userID, string=ceIlbEEbROeWumpQYGIdeP43nvK2)
2025/07/04 16:14:37 profile_routes.go:40: [DEBUG] handleProfileByUserID%!(EXTRA string=r.URL.Path, string=/v1/profiles/user/ceIlbEEbROeWumpQYGIdeP43nvK2)
2025/07/04 16:14:37 profile_routes.go:60: [DEBUG] getting profile by user ID
2025/07/04 16:14:37 profile_routes.go:39: [DEBUG] handleProfileByUserID%!(EXTRA string=userID, string=ceIlbEEbROeWumpQYGIdeP43nvK2)
2025/07/04 16:14:37 profile_routes.go:40: [DEBUG] handleProfileByUserID%!(EXTRA string=r.URL.Path, string=/v1/profiles/user/ceIlbEEbROeWumpQYGIdeP43nvK2)
2025/07/04 16:14:37 profile_routes.go:60: [DEBUG] getting profile by user ID
2025/07/04 16:14:37 profile_routes.go:63: [DEBUG] profile%!(EXTRA string=profile, *aws.Profile=&{ceIlbEEbROeWumpQYGIdeP43nvK2 2025-07-04 16:00:26.480513 +0530 IST 2025-07-04 16:00:26.480513 +0530 IST false   user_ceIlbEEb})
2025/07/04 16:14:37 profile_routes.go:64: [DEBUG] profile%!(EXTRA string=err, <nil>)
2025/07/04 16:14:37 profile_routes.go:63: [DEBUG] profile%!(EXTRA string=profile, *aws.Profile=&{ceIlbEEbROeWumpQYGIdeP43nvK2 2025-07-04 16:00:26.480513 +0530 IST 2025-07-04 16:00:26.480513 +0530 IST false   user_ceIlbEEb})
2025/07/04 16:14:37 profile_routes.go:64: [DEBUG] profile%!(EXTRA string=err, <nil>)
2025/07/04 16:14:45 profile_routes.go:39: [DEBUG] handleProfileByUserID%!(EXTRA string=userID, string=ceIlbEEbROeWumpQYGIdeP43nvK2)
2025/07/04 16:14:45 profile_routes.go:40: [DEBUG] handleProfileByUserID%!(EXTRA string=r.URL.Path, string=/v1/profiles/user/ceIlbEEbROeWumpQYGIdeP43nvK2)
2025/07/04 16:14:45 profile_routes.go:60: [DEBUG] getting profile by user ID
2025/07/04 16:14:45 profile_routes.go:39: [DEBUG] handleProfileByUserID%!(EXTRA string=userID, string=ceIlbEEbROeWumpQYGIdeP43nvK2)
2025/07/04 16:14:45 profile_routes.go:40: [DEBUG] handleProfileByUserID%!(EXTRA string=r.URL.Path, string=/v1/profiles/user/ceIlbEEbROeWumpQYGIdeP43nvK2)
2025/07/04 16:14:45 profile_routes.go:60: [DEBUG] getting profile by user ID
2025/07/04 16:14:45 profile_routes.go:39: [DEBUG] handleProfileByUserID%!(EXTRA string=userID, string=ceIlbEEbROeWumpQYGIdeP43nvK2)
2025/07/04 16:14:45 profile_routes.go:40: [DEBUG] handleProfileByUserID%!(EXTRA string=r.URL.Path, string=/v1/profiles/user/ceIlbEEbROeWumpQYGIdeP43nvK2)
2025/07/04 16:14:45 profile_routes.go:60: [DEBUG] getting profile by user ID
2025/07/04 16:14:46 profile_routes.go:63: [DEBUG] profile%!(EXTRA string=profile, *aws.Profile=&{ceIlbEEbROeWumpQYGIdeP43nvK2 2025-07-04 16:00:26.480513 +0530 IST 2025-07-04 16:00:26.480513 +0530 IST false   user_ceIlbEEb})
2025/07/04 16:14:46 profile_routes.go:64: [DEBUG] profile%!(EXTRA string=err, <nil>)
2025/07/04 16:14:46 profile_routes.go:63: [DEBUG] profile%!(EXTRA string=profile, *aws.Profile=&{ceIlbEEbROeWumpQYGIdeP43nvK2 2025-07-04 16:00:26.480513 +0530 IST 2025-07-04 16:00:26.480513 +0530 IST false   user_ceIlbEEb})
2025/07/04 16:14:46 profile_routes.go:64: [DEBUG] profile%!(EXTRA string=err, <nil>)
2025/07/04 16:14:46 profile_routes.go:63: [DEBUG] profile%!(EXTRA string=profile, *aws.Profile=&{ceIlbEEbROeWumpQYGIdeP43nvK2 2025-07-04 16:00:26.480513 +0530 IST 2025-07-04 16:00:26.480513 +0530 IST false   user_ceIlbEEb})
2025/07/04 16:14:46 profile_routes.go:64: [DEBUG] profile%!(EXTRA string=err, <nil>)
2025/07/04 16:14:52 profile_routes.go:39: [DEBUG] handleProfileByUserID%!(EXTRA string=userID, string=ceIlbEEbROeWumpQYGIdeP43nvK2)
2025/07/04 16:14:52 profile_routes.go:40: [DEBUG] handleProfileByUserID%!(EXTRA string=r.URL.Path, string=/v1/profiles/user/ceIlbEEbROeWumpQYGIdeP43nvK2)
2025/07/04 16:14:52 profile_routes.go:60: [DEBUG] getting profile by user ID
2025/07/04 16:14:52 profile_routes.go:39: [DEBUG] handleProfileByUserID%!(EXTRA string=userID, string=ceIlbEEbROeWumpQYGIdeP43nvK2)
2025/07/04 16:14:52 profile_routes.go:40: [DEBUG] handleProfileByUserID%!(EXTRA string=r.URL.Path, string=/v1/profiles/user/ceIlbEEbROeWumpQYGIdeP43nvK2)
2025/07/04 16:14:52 profile_routes.go:60: [DEBUG] getting profile by user ID
2025/07/04 16:14:52 profile_routes.go:39: [DEBUG] handleProfileByUserID%!(EXTRA string=userID, string=ceIlbEEbROeWumpQYGIdeP43nvK2)
2025/07/04 16:14:52 profile_routes.go:40: [DEBUG] handleProfileByUserID%!(EXTRA string=r.URL.Path, string=/v1/profiles/user/ceIlbEEbROeWumpQYGIdeP43nvK2)
2025/07/04 16:14:52 profile_routes.go:60: [DEBUG] getting profile by user ID
2025/07/04 16:14:52 profile_routes.go:63: [DEBUG] profile%!(EXTRA string=profile, *aws.Profile=&{ceIlbEEbROeWumpQYGIdeP43nvK2 2025-07-04 16:00:26.480513 +0530 IST 2025-07-04 16:00:26.480513 +0530 IST false   user_ceIlbEEb})
2025/07/04 16:14:52 profile_routes.go:64: [DEBUG] profile%!(EXTRA string=err, <nil>)
2025/07/04 16:14:52 profile_routes.go:63: [DEBUG] profile%!(EXTRA string=profile, *aws.Profile=&{ceIlbEEbROeWumpQYGIdeP43nvK2 2025-07-04 16:00:26.480513 +0530 IST 2025-07-04 16:00:26.480513 +0530 IST false   user_ceIlbEEb})
2025/07/04 16:14:52 profile_routes.go:64: [DEBUG] profile%!(EXTRA string=err, <nil>)
2025/07/04 16:14:52 profile_routes.go:63: [DEBUG] profile%!(EXTRA string=profile, *aws.Profile=&{ceIlbEEbROeWumpQYGIdeP43nvK2 2025-07-04 16:00:26.480513 +0530 IST 2025-07-04 16:00:26.480513 +0530 IST false   user_ceIlbEEb})
2025/07/04 16:14:52 profile_routes.go:64: [DEBUG] profile%!(EXTRA string=err, <nil>)
2025/07/04 16:14:59 profile_routes.go:39: [DEBUG] handleProfileByUserID%!(EXTRA string=userID, string=ceIlbEEbROeWumpQYGIdeP43nvK2)
2025/07/04 16:14:59 profile_routes.go:40: [DEBUG] handleProfileByUserID%!(EXTRA string=r.URL.Path, string=/v1/profiles/user/ceIlbEEbROeWumpQYGIdeP43nvK2)
2025/07/04 16:14:59 profile_routes.go:60: [DEBUG] getting profile by user ID
2025/07/04 16:14:59 profile_routes.go:63: [DEBUG] profile%!(EXTRA string=profile, *aws.Profile=&{ceIlbEEbROeWumpQYGIdeP43nvK2 2025-07-04 16:00:26.480513 +0530 IST 2025-07-04 16:00:26.480513 +0530 IST false   user_ceIlbEEb})
2025/07/04 16:14:59 profile_routes.go:64: [DEBUG] profile%!(EXTRA string=err, <nil>)
2025/07/04 16:15:01 profile_routes.go:39: [DEBUG] handleProfileByUserID%!(EXTRA string=userID, string=ceIlbEEbROeWumpQYGIdeP43nvK2)
2025/07/04 16:15:01 profile_routes.go:40: [DEBUG] handleProfileByUserID%!(EXTRA string=r.URL.Path, string=/v1/profiles/user/ceIlbEEbROeWumpQYGIdeP43nvK2)
2025/07/04 16:15:01 profile_routes.go:60: [DEBUG] getting profile by user ID
2025/07/04 16:15:01 profile_routes.go:39: [DEBUG] handleProfileByUserID%!(EXTRA string=userID, string=ceIlbEEbROeWumpQYGIdeP43nvK2)
2025/07/04 16:15:01 profile_routes.go:40: [DEBUG] handleProfileByUserID%!(EXTRA string=r.URL.Path, string=/v1/profiles/user/ceIlbEEbROeWumpQYGIdeP43nvK2)
2025/07/04 16:15:01 profile_routes.go:60: [DEBUG] getting profile by user ID
2025/07/04 16:15:01 profile_routes.go:63: [DEBUG] profile%!(EXTRA string=profile, *aws.Profile=&{ceIlbEEbROeWumpQYGIdeP43nvK2 2025-07-04 16:00:26.480513 +0530 IST 2025-07-04 16:00:26.480513 +0530 IST false   user_ceIlbEEb})
2025/07/04 16:15:01 profile_routes.go:64: [DEBUG] profile%!(EXTRA string=err, <nil>)
2025/07/04 16:15:01 profile_routes.go:63: [DEBUG] profile%!(EXTRA string=profile, *aws.Profile=&{ceIlbEEbROeWumpQYGIdeP43nvK2 2025-07-04 16:00:26.480513 +0530 IST 2025-07-04 16:00:26.480513 +0530 IST false   user_ceIlbEEb})
2025/07/04 16:15:01 profile_routes.go:64: [DEBUG] profile%!(EXTRA string=err, <nil>)
2025/07/04 16:16:04 profile_routes.go:39: [DEBUG] handleProfileByUserID%!(EXTRA string=userID, string=ceIlbEEbROeWumpQYGIdeP43nvK2)
2025/07/04 16:16:04 profile_routes.go:40: [DEBUG] handleProfileByUserID%!(EXTRA string=r.URL.Path, string=/v1/profiles/user/ceIlbEEbROeWumpQYGIdeP43nvK2)
2025/07/04 16:16:04 profile_routes.go:60: [DEBUG] getting profile by user ID
2025/07/04 16:16:04 profile_routes.go:39: [DEBUG] handleProfileByUserID%!(EXTRA string=userID, string=ceIlbEEbROeWumpQYGIdeP43nvK2)
2025/07/04 16:16:04 profile_routes.go:40: [DEBUG] handleProfileByUserID%!(EXTRA string=r.URL.Path, string=/v1/profiles/user/ceIlbEEbROeWumpQYGIdeP43nvK2)
2025/07/04 16:16:04 profile_routes.go:60: [DEBUG] getting profile by user ID
2025/07/04 16:16:04 profile_routes.go:63: [DEBUG] profile%!(EXTRA string=profile, *aws.Profile=&{ceIlbEEbROeWumpQYGIdeP43nvK2 2025-07-04 16:00:26.480513 +0530 IST 2025-07-04 16:00:26.480513 +0530 IST false   user_ceIlbEEb})
2025/07/04 16:16:04 profile_routes.go:64: [DEBUG] profile%!(EXTRA string=err, <nil>)
2025/07/04 16:16:04 profile_routes.go:63: [DEBUG] profile%!(EXTRA string=profile, *aws.Profile=&{ceIlbEEbROeWumpQYGIdeP43nvK2 2025-07-04 16:00:26.480513 +0530 IST 2025-07-04 16:00:26.480513 +0530 IST false   user_ceIlbEEb})
2025/07/04 16:16:04 profile_routes.go:64: [DEBUG] profile%!(EXTRA string=err, <nil>)
2025/07/04 16:33:32 main.go:144: [INFO] Server shutting down...
2025/07/04 16:33:32 main.go:154: [INFO] Server shutdown complete
2025/07/04 16:33:35 main.go:103: [INFO] Successfully loaded .env file
2025/07/04 16:33:35 main.go:108: [INFO] Gateway server initializing with 14 CPU cores
2025/07/04 16:33:35 main.go:113: [INFO] Starting gateway server on port 8080
2025/07/04 16:33:35 main.go:136: [INFO] Server listening on :8080
2025/07/04 16:33:41 profile_routes.go:39: [DEBUG] handleProfileByUserID%!(EXTRA string=userID, string=ceIlbEEbROeWumpQYGIdeP43nvK2)
2025/07/04 16:33:41 profile_routes.go:40: [DEBUG] handleProfileByUserID%!(EXTRA string=r.URL.Path, string=/v1/profiles/user/ceIlbEEbROeWumpQYGIdeP43nvK2)
2025/07/04 16:33:41 profile_routes.go:60: [DEBUG] getting profile by user ID
2025/07/04 16:33:41 profile_routes.go:63: [DEBUG] profile%!(EXTRA string=profile, *aws.Profile=&{ceIlbEEbROeWumpQYGIdeP43nvK2 2025-07-04 16:00:26.480513 +0530 IST 2025-07-04 16:00:26.480513 +0530 IST false   user_ceIlbEEb})
2025/07/04 16:33:41 profile_routes.go:64: [DEBUG] profile%!(EXTRA string=err, <nil>)
2025/07/04 16:33:42 profile_routes.go:39: [DEBUG] handleProfileByUserID%!(EXTRA string=userID, string=ceIlbEEbROeWumpQYGIdeP43nvK2)
2025/07/04 16:33:42 profile_routes.go:40: [DEBUG] handleProfileByUserID%!(EXTRA string=r.URL.Path, string=/v1/profiles/user/ceIlbEEbROeWumpQYGIdeP43nvK2)
2025/07/04 16:33:42 profile_routes.go:39: [DEBUG] handleProfileByUserID%!(EXTRA string=userID, string=ceIlbEEbROeWumpQYGIdeP43nvK2)
2025/07/04 16:33:42 profile_routes.go:40: [DEBUG] handleProfileByUserID%!(EXTRA string=r.URL.Path, string=/v1/profiles/user/ceIlbEEbROeWumpQYGIdeP43nvK2)
2025/07/04 16:33:42 profile_routes.go:60: [DEBUG] getting profile by user ID
2025/07/04 16:33:42 profile_routes.go:60: [DEBUG] getting profile by user ID
2025/07/04 16:33:42 profile_routes.go:63: [DEBUG] profile%!(EXTRA string=profile, *aws.Profile=&{ceIlbEEbROeWumpQYGIdeP43nvK2 2025-07-04 16:00:26.480513 +0530 IST 2025-07-04 16:00:26.480513 +0530 IST false   user_ceIlbEEb})
2025/07/04 16:33:42 profile_routes.go:64: [DEBUG] profile%!(EXTRA string=err, <nil>)
2025/07/04 16:33:42 profile_routes.go:63: [DEBUG] profile%!(EXTRA string=profile, *aws.Profile=&{ceIlbEEbROeWumpQYGIdeP43nvK2 2025-07-04 16:00:26.480513 +0530 IST 2025-07-04 16:00:26.480513 +0530 IST false   user_ceIlbEEb})
2025/07/04 16:33:42 profile_routes.go:64: [DEBUG] profile%!(EXTRA string=err, <nil>)
2025/07/04 16:33:52 profile_routes.go:39: [DEBUG] handleProfileByUserID%!(EXTRA string=userID, string=ceIlbEEbROeWumpQYGIdeP43nvK2)
2025/07/04 16:33:52 profile_routes.go:40: [DEBUG] handleProfileByUserID%!(EXTRA string=r.URL.Path, string=/v1/profiles/user/ceIlbEEbROeWumpQYGIdeP43nvK2)
2025/07/04 16:33:52 profile_routes.go:60: [DEBUG] getting profile by user ID
2025/07/04 16:33:53 profile_routes.go:63: [DEBUG] profile%!(EXTRA string=profile, *aws.Profile=&{ceIlbEEbROeWumpQYGIdeP43nvK2 2025-07-04 16:00:26.480513 +0530 IST 2025-07-04 16:00:26.480513 +0530 IST false   user_ceIlbEEb})
2025/07/04 16:33:53 profile_routes.go:64: [DEBUG] profile%!(EXTRA string=err, <nil>)
2025/07/04 16:33:53 profile_routes.go:39: [DEBUG] handleProfileByUserID%!(EXTRA string=userID, string=ceIlbEEbROeWumpQYGIdeP43nvK2)
2025/07/04 16:33:53 profile_routes.go:40: [DEBUG] handleProfileByUserID%!(EXTRA string=r.URL.Path, string=/v1/profiles/user/ceIlbEEbROeWumpQYGIdeP43nvK2)
2025/07/04 16:33:53 profile_routes.go:60: [DEBUG] getting profile by user ID
2025/07/04 16:33:53 profile_routes.go:39: [DEBUG] handleProfileByUserID%!(EXTRA string=userID, string=ceIlbEEbROeWumpQYGIdeP43nvK2)
2025/07/04 16:33:53 profile_routes.go:40: [DEBUG] handleProfileByUserID%!(EXTRA string=r.URL.Path, string=/v1/profiles/user/ceIlbEEbROeWumpQYGIdeP43nvK2)
2025/07/04 16:33:53 profile_routes.go:39: [DEBUG] handleProfileByUserID%!(EXTRA string=userID, string=ceIlbEEbROeWumpQYGIdeP43nvK2)
2025/07/04 16:33:53 profile_routes.go:40: [DEBUG] handleProfileByUserID%!(EXTRA string=r.URL.Path, string=/v1/profiles/user/ceIlbEEbROeWumpQYGIdeP43nvK2)
2025/07/04 16:33:53 profile_routes.go:60: [DEBUG] getting profile by user ID
2025/07/04 16:33:53 profile_routes.go:60: [DEBUG] getting profile by user ID
2025/07/04 16:33:54 profile_routes.go:63: [DEBUG] profile%!(EXTRA string=profile, *aws.Profile=&{ceIlbEEbROeWumpQYGIdeP43nvK2 2025-07-04 16:00:26.480513 +0530 IST 2025-07-04 16:00:26.480513 +0530 IST false   user_ceIlbEEb})
2025/07/04 16:33:54 profile_routes.go:64: [DEBUG] profile%!(EXTRA string=err, <nil>)
2025/07/04 16:33:54 profile_routes.go:63: [DEBUG] profile%!(EXTRA string=profile, *aws.Profile=&{ceIlbEEbROeWumpQYGIdeP43nvK2 2025-07-04 16:00:26.480513 +0530 IST 2025-07-04 16:00:26.480513 +0530 IST false   user_ceIlbEEb})
2025/07/04 16:33:54 profile_routes.go:64: [DEBUG] profile%!(EXTRA string=err, <nil>)
2025/07/04 16:33:54 profile_routes.go:63: [DEBUG] profile%!(EXTRA string=profile, *aws.Profile=&{ceIlbEEbROeWumpQYGIdeP43nvK2 2025-07-04 16:00:26.480513 +0530 IST 2025-07-04 16:00:26.480513 +0530 IST false   user_ceIlbEEb})
2025/07/04 16:33:54 profile_routes.go:64: [DEBUG] profile%!(EXTRA string=err, <nil>)
2025/07/04 16:33:55 profile_routes.go:39: [DEBUG] handleProfileByUserID%!(EXTRA string=userID, string=ceIlbEEbROeWumpQYGIdeP43nvK2)
2025/07/04 16:33:55 profile_routes.go:40: [DEBUG] handleProfileByUserID%!(EXTRA string=r.URL.Path, string=/v1/profiles/user/ceIlbEEbROeWumpQYGIdeP43nvK2)
2025/07/04 16:33:55 profile_routes.go:60: [DEBUG] getting profile by user ID
2025/07/04 16:33:55 profile_routes.go:63: [DEBUG] profile%!(EXTRA string=profile, *aws.Profile=&{ceIlbEEbROeWumpQYGIdeP43nvK2 2025-07-04 16:00:26.480513 +0530 IST 2025-07-04 16:00:26.480513 +0530 IST false   user_ceIlbEEb})
2025/07/04 16:33:55 profile_routes.go:64: [DEBUG] profile%!(EXTRA string=err, <nil>)
2025/07/04 16:33:55 profile_routes.go:39: [DEBUG] handleProfileByUserID%!(EXTRA string=userID, string=ceIlbEEbROeWumpQYGIdeP43nvK2)
2025/07/04 16:33:55 profile_routes.go:40: [DEBUG] handleProfileByUserID%!(EXTRA string=r.URL.Path, string=/v1/profiles/user/ceIlbEEbROeWumpQYGIdeP43nvK2)
2025/07/04 16:33:55 profile_routes.go:60: [DEBUG] getting profile by user ID
2025/07/04 16:33:55 profile_routes.go:39: [DEBUG] handleProfileByUserID%!(EXTRA string=userID, string=ceIlbEEbROeWumpQYGIdeP43nvK2)
2025/07/04 16:33:55 profile_routes.go:40: [DEBUG] handleProfileByUserID%!(EXTRA string=r.URL.Path, string=/v1/profiles/user/ceIlbEEbROeWumpQYGIdeP43nvK2)
2025/07/04 16:33:55 profile_routes.go:60: [DEBUG] getting profile by user ID
2025/07/04 16:33:56 profile_routes.go:63: [DEBUG] profile%!(EXTRA string=profile, *aws.Profile=&{ceIlbEEbROeWumpQYGIdeP43nvK2 2025-07-04 16:00:26.480513 +0530 IST 2025-07-04 16:00:26.480513 +0530 IST false   user_ceIlbEEb})
2025/07/04 16:33:56 profile_routes.go:64: [DEBUG] profile%!(EXTRA string=err, <nil>)
2025/07/04 16:33:56 profile_routes.go:63: [DEBUG] profile%!(EXTRA string=profile, *aws.Profile=&{ceIlbEEbROeWumpQYGIdeP43nvK2 2025-07-04 16:00:26.480513 +0530 IST 2025-07-04 16:00:26.480513 +0530 IST false   user_ceIlbEEb})
2025/07/04 16:33:56 profile_routes.go:64: [DEBUG] profile%!(EXTRA string=err, <nil>)
2025/07/04 16:34:39 profile_routes.go:39: [DEBUG] handleProfileByUserID%!(EXTRA string=userID, string=ceIlbEEbROeWumpQYGIdeP43nvK2)
2025/07/04 16:34:39 profile_routes.go:40: [DEBUG] handleProfileByUserID%!(EXTRA string=r.URL.Path, string=/v1/profiles/user/ceIlbEEbROeWumpQYGIdeP43nvK2)
2025/07/04 16:34:39 profile_routes.go:60: [DEBUG] getting profile by user ID
2025/07/04 16:34:39 profile_routes.go:63: [DEBUG] profile%!(EXTRA string=profile, *aws.Profile=&{ceIlbEEbROeWumpQYGIdeP43nvK2 2025-07-04 16:00:26.480513 +0530 IST 2025-07-04 16:00:26.480513 +0530 IST false   user_ceIlbEEb})
2025/07/04 16:34:39 profile_routes.go:64: [DEBUG] profile%!(EXTRA string=err, <nil>)
2025/07/04 16:34:40 profile_routes.go:39: [DEBUG] handleProfileByUserID%!(EXTRA string=userID, string=ceIlbEEbROeWumpQYGIdeP43nvK2)
2025/07/04 16:34:40 profile_routes.go:40: [DEBUG] handleProfileByUserID%!(EXTRA string=r.URL.Path, string=/v1/profiles/user/ceIlbEEbROeWumpQYGIdeP43nvK2)
2025/07/04 16:34:40 profile_routes.go:60: [DEBUG] getting profile by user ID
2025/07/04 16:34:40 profile_routes.go:39: [DEBUG] handleProfileByUserID%!(EXTRA string=userID, string=ceIlbEEbROeWumpQYGIdeP43nvK2)
2025/07/04 16:34:40 profile_routes.go:40: [DEBUG] handleProfileByUserID%!(EXTRA string=r.URL.Path, string=/v1/profiles/user/ceIlbEEbROeWumpQYGIdeP43nvK2)
2025/07/04 16:34:40 profile_routes.go:60: [DEBUG] getting profile by user ID
2025/07/04 16:34:40 profile_routes.go:63: [DEBUG] profile%!(EXTRA string=profile, *aws.Profile=&{ceIlbEEbROeWumpQYGIdeP43nvK2 2025-07-04 16:00:26.480513 +0530 IST 2025-07-04 16:00:26.480513 +0530 IST false   user_ceIlbEEb})
2025/07/04 16:34:40 profile_routes.go:64: [DEBUG] profile%!(EXTRA string=err, <nil>)
2025/07/04 16:34:40 profile_routes.go:63: [DEBUG] profile%!(EXTRA string=profile, *aws.Profile=&{ceIlbEEbROeWumpQYGIdeP43nvK2 2025-07-04 16:00:26.480513 +0530 IST 2025-07-04 16:00:26.480513 +0530 IST false   user_ceIlbEEb})
2025/07/04 16:34:40 profile_routes.go:64: [DEBUG] profile%!(EXTRA string=err, <nil>)
2025/07/04 16:37:32 profile_routes.go:39: [DEBUG] handleProfileByUserID%!(EXTRA string=userID, string=ceIlbEEbROeWumpQYGIdeP43nvK2)
2025/07/04 16:37:32 profile_routes.go:40: [DEBUG] handleProfileByUserID%!(EXTRA string=r.URL.Path, string=/v1/profiles/user/ceIlbEEbROeWumpQYGIdeP43nvK2)
2025/07/04 16:37:32 profile_routes.go:60: [DEBUG] getting profile by user ID
2025/07/04 16:37:32 profile_routes.go:63: [DEBUG] profile%!(EXTRA string=profile, *aws.Profile=&{ceIlbEEbROeWumpQYGIdeP43nvK2 2025-07-04 16:00:26.480513 +0530 IST 2025-07-04 16:00:26.480513 +0530 IST false   user_ceIlbEEb})
2025/07/04 16:37:32 profile_routes.go:64: [DEBUG] profile%!(EXTRA string=err, <nil>)
2025/07/04 16:37:36 profile_routes.go:39: [DEBUG] handleProfileByUserID%!(EXTRA string=userID, string=ceIlbEEbROeWumpQYGIdeP43nvK2)
2025/07/04 16:37:36 profile_routes.go:40: [DEBUG] handleProfileByUserID%!(EXTRA string=r.URL.Path, string=/v1/profiles/user/ceIlbEEbROeWumpQYGIdeP43nvK2)
2025/07/04 16:37:36 profile_routes.go:60: [DEBUG] getting profile by user ID
2025/07/04 16:37:36 profile_routes.go:39: [DEBUG] handleProfileByUserID%!(EXTRA string=userID, string=ceIlbEEbROeWumpQYGIdeP43nvK2)
2025/07/04 16:37:36 profile_routes.go:40: [DEBUG] handleProfileByUserID%!(EXTRA string=r.URL.Path, string=/v1/profiles/user/ceIlbEEbROeWumpQYGIdeP43nvK2)
2025/07/04 16:37:36 profile_routes.go:60: [DEBUG] getting profile by user ID
2025/07/04 16:37:36 profile_routes.go:63: [DEBUG] profile%!(EXTRA string=profile, *aws.Profile=&{ceIlbEEbROeWumpQYGIdeP43nvK2 2025-07-04 16:00:26.480513 +0530 IST 2025-07-04 16:00:26.480513 +0530 IST false   user_ceIlbEEb})
2025/07/04 16:37:36 profile_routes.go:64: [DEBUG] profile%!(EXTRA string=err, <nil>)
2025/07/04 16:37:36 profile_routes.go:63: [DEBUG] profile%!(EXTRA string=profile, *aws.Profile=&{ceIlbEEbROeWumpQYGIdeP43nvK2 2025-07-04 16:00:26.480513 +0530 IST 2025-07-04 16:00:26.480513 +0530 IST false   user_ceIlbEEb})
2025/07/04 16:37:36 profile_routes.go:64: [DEBUG] profile%!(EXTRA string=err, <nil>)
2025/07/04 16:38:09 profile_routes.go:39: [DEBUG] handleProfileByUserID%!(EXTRA string=userID, string=ceIlbEEbROeWumpQYGIdeP43nvK2)
2025/07/04 16:38:09 profile_routes.go:40: [DEBUG] handleProfileByUserID%!(EXTRA string=r.URL.Path, string=/v1/profiles/user/ceIlbEEbROeWumpQYGIdeP43nvK2)
2025/07/04 16:38:09 profile_routes.go:60: [DEBUG] getting profile by user ID
2025/07/04 16:38:09 profile_routes.go:63: [DEBUG] profile%!(EXTRA string=profile, *aws.Profile=&{ceIlbEEbROeWumpQYGIdeP43nvK2 2025-07-04 16:00:26.480513 +0530 IST 2025-07-04 16:00:26.480513 +0530 IST false   user_ceIlbEEb})
2025/07/04 16:38:09 profile_routes.go:64: [DEBUG] profile%!(EXTRA string=err, <nil>)
2025/07/04 16:38:36 profile_routes.go:39: [DEBUG] handleProfileByUserID%!(EXTRA string=userID, string=ceIlbEEbROeWumpQYGIdeP43nvK2)
2025/07/04 16:38:36 profile_routes.go:40: [DEBUG] handleProfileByUserID%!(EXTRA string=r.URL.Path, string=/v1/profiles/user/ceIlbEEbROeWumpQYGIdeP43nvK2)
2025/07/04 16:38:36 profile_routes.go:60: [DEBUG] getting profile by user ID
2025/07/04 16:38:36 profile_routes.go:63: [DEBUG] profile%!(EXTRA string=profile, *aws.Profile=&{ceIlbEEbROeWumpQYGIdeP43nvK2 2025-07-04 16:00:26.480513 +0530 IST 2025-07-04 16:00:26.480513 +0530 IST false   user_ceIlbEEb})
2025/07/04 16:38:36 profile_routes.go:64: [DEBUG] profile%!(EXTRA string=err, <nil>)
2025/07/04 16:38:36 profile_routes.go:39: [DEBUG] handleProfileByUserID%!(EXTRA string=userID, string=ceIlbEEbROeWumpQYGIdeP43nvK2)
2025/07/04 16:38:36 profile_routes.go:40: [DEBUG] handleProfileByUserID%!(EXTRA string=r.URL.Path, string=/v1/profiles/user/ceIlbEEbROeWumpQYGIdeP43nvK2)
2025/07/04 16:38:36 profile_routes.go:60: [DEBUG] getting profile by user ID
2025/07/04 16:38:36 profile_routes.go:63: [DEBUG] profile%!(EXTRA string=profile, *aws.Profile=&{ceIlbEEbROeWumpQYGIdeP43nvK2 2025-07-04 16:00:26.480513 +0530 IST 2025-07-04 16:00:26.480513 +0530 IST false   user_ceIlbEEb})
2025/07/04 16:38:36 profile_routes.go:64: [DEBUG] profile%!(EXTRA string=err, <nil>)
2025/07/04 16:38:37 profile_routes.go:39: [DEBUG] handleProfileByUserID%!(EXTRA string=userID, string=ceIlbEEbROeWumpQYGIdeP43nvK2)
2025/07/04 16:38:37 profile_routes.go:40: [DEBUG] handleProfileByUserID%!(EXTRA string=r.URL.Path, string=/v1/profiles/user/ceIlbEEbROeWumpQYGIdeP43nvK2)
2025/07/04 16:38:37 profile_routes.go:60: [DEBUG] getting profile by user ID
2025/07/04 16:38:37 profile_routes.go:63: [DEBUG] profile%!(EXTRA string=profile, *aws.Profile=&{ceIlbEEbROeWumpQYGIdeP43nvK2 2025-07-04 16:00:26.480513 +0530 IST 2025-07-04 16:00:26.480513 +0530 IST false   user_ceIlbEEb})
2025/07/04 16:38:37 profile_routes.go:64: [DEBUG] profile%!(EXTRA string=err, <nil>)
2025/07/04 16:39:59 profile_routes.go:39: [DEBUG] handleProfileByUserID%!(EXTRA string=userID, string=ceIlbEEbROeWumpQYGIdeP43nvK2)
2025/07/04 16:39:59 profile_routes.go:40: [DEBUG] handleProfileByUserID%!(EXTRA string=r.URL.Path, string=/v1/profiles/user/ceIlbEEbROeWumpQYGIdeP43nvK2)
2025/07/04 16:39:59 profile_routes.go:60: [DEBUG] getting profile by user ID
2025/07/04 16:40:00 profile_routes.go:63: [DEBUG] profile%!(EXTRA string=profile, *aws.Profile=&{ceIlbEEbROeWumpQYGIdeP43nvK2 2025-07-04 16:00:26.480513 +0530 IST 2025-07-04 16:00:26.480513 +0530 IST false   user_ceIlbEEb})
2025/07/04 16:40:00 profile_routes.go:64: [DEBUG] profile%!(EXTRA string=err, <nil>)
2025/07/04 16:40:00 profile_routes.go:39: [DEBUG] handleProfileByUserID%!(EXTRA string=userID, string=ceIlbEEbROeWumpQYGIdeP43nvK2)
2025/07/04 16:40:00 profile_routes.go:40: [DEBUG] handleProfileByUserID%!(EXTRA string=r.URL.Path, string=/v1/profiles/user/ceIlbEEbROeWumpQYGIdeP43nvK2)
2025/07/04 16:40:00 profile_routes.go:60: [DEBUG] getting profile by user ID
2025/07/04 16:40:00 profile_routes.go:63: [DEBUG] profile%!(EXTRA string=profile, *aws.Profile=&{ceIlbEEbROeWumpQYGIdeP43nvK2 2025-07-04 16:00:26.480513 +0530 IST 2025-07-04 16:00:26.480513 +0530 IST false   user_ceIlbEEb})
2025/07/04 16:40:00 profile_routes.go:64: [DEBUG] profile%!(EXTRA string=err, <nil>)
2025/07/04 16:40:05 profile_routes.go:39: [DEBUG] handleProfileByUserID%!(EXTRA string=userID, string=ceIlbEEbROeWumpQYGIdeP43nvK2)
2025/07/04 16:40:05 profile_routes.go:40: [DEBUG] handleProfileByUserID%!(EXTRA string=r.URL.Path, string=/v1/profiles/user/ceIlbEEbROeWumpQYGIdeP43nvK2)
2025/07/04 16:40:05 profile_routes.go:60: [DEBUG] getting profile by user ID
2025/07/04 16:40:06 profile_routes.go:63: [DEBUG] profile%!(EXTRA string=profile, *aws.Profile=&{ceIlbEEbROeWumpQYGIdeP43nvK2 2025-07-04 16:00:26.480513 +0530 IST 2025-07-04 16:00:26.480513 +0530 IST false   user_ceIlbEEb})
2025/07/04 16:40:06 profile_routes.go:64: [DEBUG] profile%!(EXTRA string=err, <nil>)
2025/07/04 16:40:06 profile_routes.go:39: [DEBUG] handleProfileByUserID%!(EXTRA string=userID, string=ceIlbEEbROeWumpQYGIdeP43nvK2)
2025/07/04 16:40:06 profile_routes.go:40: [DEBUG] handleProfileByUserID%!(EXTRA string=r.URL.Path, string=/v1/profiles/user/ceIlbEEbROeWumpQYGIdeP43nvK2)
2025/07/04 16:40:06 profile_routes.go:60: [DEBUG] getting profile by user ID
2025/07/04 16:40:06 profile_routes.go:63: [DEBUG] profile%!(EXTRA string=profile, *aws.Profile=&{ceIlbEEbROeWumpQYGIdeP43nvK2 2025-07-04 16:00:26.480513 +0530 IST 2025-07-04 16:00:26.480513 +0530 IST false   user_ceIlbEEb})
2025/07/04 16:40:06 profile_routes.go:64: [DEBUG] profile%!(EXTRA string=err, <nil>)
2025/07/04 16:41:22 profile_routes.go:39: [DEBUG] handleProfileByUserID%!(EXTRA string=userID, string=ceIlbEEbROeWumpQYGIdeP43nvK2)
2025/07/04 16:41:22 profile_routes.go:40: [DEBUG] handleProfileByUserID%!(EXTRA string=r.URL.Path, string=/v1/profiles/user/ceIlbEEbROeWumpQYGIdeP43nvK2)
2025/07/04 16:41:22 profile_routes.go:60: [DEBUG] getting profile by user ID
2025/07/04 16:41:22 profile_routes.go:63: [DEBUG] profile%!(EXTRA string=profile, *aws.Profile=&{ceIlbEEbROeWumpQYGIdeP43nvK2 2025-07-04 16:00:26.480513 +0530 IST 2025-07-04 16:00:26.480513 +0530 IST false   user_ceIlbEEb})
2025/07/04 16:41:22 profile_routes.go:64: [DEBUG] profile%!(EXTRA string=err, <nil>)
2025/07/04 16:41:25 profile_routes.go:39: [DEBUG] handleProfileByUserID%!(EXTRA string=userID, string=ceIlbEEbROeWumpQYGIdeP43nvK2)
2025/07/04 16:41:25 profile_routes.go:40: [DEBUG] handleProfileByUserID%!(EXTRA string=r.URL.Path, string=/v1/profiles/user/ceIlbEEbROeWumpQYGIdeP43nvK2)
2025/07/04 16:41:25 profile_routes.go:60: [DEBUG] getting profile by user ID
2025/07/04 16:41:25 profile_routes.go:63: [DEBUG] profile%!(EXTRA string=profile, *aws.Profile=&{ceIlbEEbROeWumpQYGIdeP43nvK2 2025-07-04 16:00:26.480513 +0530 IST 2025-07-04 16:00:26.480513 +0530 IST false   user_ceIlbEEb})
2025/07/04 16:41:25 profile_routes.go:64: [DEBUG] profile%!(EXTRA string=err, <nil>)
2025/07/04 16:41:30 profile_routes.go:39: [DEBUG] handleProfileByUserID%!(EXTRA string=userID, string=ceIlbEEbROeWumpQYGIdeP43nvK2)
2025/07/04 16:41:30 profile_routes.go:40: [DEBUG] handleProfileByUserID%!(EXTRA string=r.URL.Path, string=/v1/profiles/user/ceIlbEEbROeWumpQYGIdeP43nvK2)
2025/07/04 16:41:30 profile_routes.go:60: [DEBUG] getting profile by user ID
2025/07/04 16:41:31 profile_routes.go:63: [DEBUG] profile%!(EXTRA string=profile, *aws.Profile=&{ceIlbEEbROeWumpQYGIdeP43nvK2 2025-07-04 16:00:26.480513 +0530 IST 2025-07-04 16:00:26.480513 +0530 IST false   user_ceIlbEEb})
2025/07/04 16:41:31 profile_routes.go:64: [DEBUG] profile%!(EXTRA string=err, <nil>)
2025/07/04 16:41:39 profile_routes.go:39: [DEBUG] handleProfileByUserID%!(EXTRA string=userID, string=ceIlbEEbROeWumpQYGIdeP43nvK2)
2025/07/04 16:41:39 profile_routes.go:40: [DEBUG] handleProfileByUserID%!(EXTRA string=r.URL.Path, string=/v1/profiles/user/ceIlbEEbROeWumpQYGIdeP43nvK2)
2025/07/04 16:41:39 profile_routes.go:60: [DEBUG] getting profile by user ID
2025/07/04 16:41:39 profile_routes.go:63: [DEBUG] profile%!(EXTRA string=profile, *aws.Profile=&{ceIlbEEbROeWumpQYGIdeP43nvK2 2025-07-04 16:00:26.480513 +0530 IST 2025-07-04 16:00:26.480513 +0530 IST false   user_ceIlbEEb})
2025/07/04 16:41:39 profile_routes.go:64: [DEBUG] profile%!(EXTRA string=err, <nil>)
2025/07/04 16:41:58 profile_routes.go:39: [DEBUG] handleProfileByUserID%!(EXTRA string=userID, string=ceIlbEEbROeWumpQYGIdeP43nvK2)
2025/07/04 16:41:58 profile_routes.go:40: [DEBUG] handleProfileByUserID%!(EXTRA string=r.URL.Path, string=/v1/profiles/user/ceIlbEEbROeWumpQYGIdeP43nvK2)
2025/07/04 16:41:58 profile_routes.go:60: [DEBUG] getting profile by user ID
2025/07/04 16:41:58 profile_routes.go:63: [DEBUG] profile%!(EXTRA string=profile, *aws.Profile=&{ceIlbEEbROeWumpQYGIdeP43nvK2 2025-07-04 16:00:26.480513 +0530 IST 2025-07-04 16:00:26.480513 +0530 IST false   user_ceIlbEEb})
2025/07/04 16:41:58 profile_routes.go:64: [DEBUG] profile%!(EXTRA string=err, <nil>)
2025/07/04 16:41:59 profile_routes.go:39: [DEBUG] handleProfileByUserID%!(EXTRA string=userID, string=ceIlbEEbROeWumpQYGIdeP43nvK2)
2025/07/04 16:41:59 profile_routes.go:40: [DEBUG] handleProfileByUserID%!(EXTRA string=r.URL.Path, string=/v1/profiles/user/ceIlbEEbROeWumpQYGIdeP43nvK2)
2025/07/04 16:41:59 profile_routes.go:60: [DEBUG] getting profile by user ID
2025/07/04 16:41:59 profile_routes.go:63: [DEBUG] profile%!(EXTRA string=profile, *aws.Profile=&{ceIlbEEbROeWumpQYGIdeP43nvK2 2025-07-04 16:00:26.480513 +0530 IST 2025-07-04 16:00:26.480513 +0530 IST false   user_ceIlbEEb})
2025/07/04 16:41:59 profile_routes.go:64: [DEBUG] profile%!(EXTRA string=err, <nil>)
2025/07/04 16:42:10 profile_routes.go:39: [DEBUG] handleProfileByUserID%!(EXTRA string=userID, string=ceIlbEEbROeWumpQYGIdeP43nvK2)
2025/07/04 16:42:10 profile_routes.go:40: [DEBUG] handleProfileByUserID%!(EXTRA string=r.URL.Path, string=/v1/profiles/user/ceIlbEEbROeWumpQYGIdeP43nvK2)
2025/07/04 16:42:10 profile_routes.go:60: [DEBUG] getting profile by user ID
2025/07/04 16:42:10 profile_routes.go:63: [DEBUG] profile%!(EXTRA string=profile, *aws.Profile=&{ceIlbEEbROeWumpQYGIdeP43nvK2 2025-07-04 16:00:26.480513 +0530 IST 2025-07-04 16:00:26.480513 +0530 IST false   user_ceIlbEEb})
2025/07/04 16:42:10 profile_routes.go:64: [DEBUG] profile%!(EXTRA string=err, <nil>)
2025/07/04 16:42:11 profile_routes.go:39: [DEBUG] handleProfileByUserID%!(EXTRA string=userID, string=ceIlbEEbROeWumpQYGIdeP43nvK2)
2025/07/04 16:42:11 profile_routes.go:40: [DEBUG] handleProfileByUserID%!(EXTRA string=r.URL.Path, string=/v1/profiles/user/ceIlbEEbROeWumpQYGIdeP43nvK2)
2025/07/04 16:42:11 profile_routes.go:60: [DEBUG] getting profile by user ID
2025/07/04 16:42:11 profile_routes.go:63: [DEBUG] profile%!(EXTRA string=profile, *aws.Profile=&{ceIlbEEbROeWumpQYGIdeP43nvK2 2025-07-04 16:00:26.480513 +0530 IST 2025-07-04 16:00:26.480513 +0530 IST false   user_ceIlbEEb})
2025/07/04 16:42:11 profile_routes.go:64: [DEBUG] profile%!(EXTRA string=err, <nil>)
